{"/home/travis/build/npmtest/node-npmtest-github-flavored-markdown/test.js":{"path":"/home/travis/build/npmtest/node-npmtest-github-flavored-markdown/test.js","s":{"1":2,"2":2,"3":2,"4":2,"5":2,"6":2,"7":2,"8":1,"9":2,"10":2,"11":1,"12":1,"13":1,"14":1,"15":2,"16":2,"17":2,"18":2,"19":1,"20":1,"21":2,"22":2,"23":2,"24":1,"25":1,"26":1,"27":1,"28":1,"29":1,"30":1,"31":1,"32":1,"33":1,"34":1,"35":1,"36":1,"37":1,"38":1,"39":2,"40":2,"41":1,"42":2,"43":2,"44":1,"45":2,"46":2,"47":1,"48":2,"49":2,"50":1,"51":1,"52":1,"53":1,"54":1},"b":{"1":[2,1,1,1],"2":[1,1,1,1],"3":[1,1],"4":[1,1],"5":[1,1],"6":[1,1],"7":[1,1],"8":[1,1],"9":[1,1],"10":[1,1,1],"11":[1,1],"12":[1,1],"13":[1,1],"14":[1,1],"15":[1,1],"16":[1,1],"17":[1,1]},"f":{"1":2,"2":2,"3":2,"4":2,"5":2,"6":1,"7":1,"8":1,"9":2,"10":2,"11":2,"12":2,"13":1},"fnMap":{"1":{"name":"(anonymous_1)","line":12,"loc":{"start":{"line":12,"column":1},"end":{"line":12,"column":13}}},"2":{"name":"(anonymous_2)","line":19,"loc":{"start":{"line":19,"column":5},"end":{"line":19,"column":17}}},"3":{"name":"(anonymous_3)","line":23,"loc":{"start":{"line":23,"column":24},"end":{"line":23,"column":36}}},"4":{"name":"(anonymous_4)","line":61,"loc":{"start":{"line":61,"column":5},"end":{"line":61,"column":17}}},"5":{"name":"(anonymous_5)","line":82,"loc":{"start":{"line":82,"column":5},"end":{"line":82,"column":17}}},"6":{"name":"(anonymous_6)","line":91,"loc":{"start":{"line":91,"column":77},"end":{"line":94,"column":10}}},"7":{"name":"(anonymous_7)","line":112,"loc":{"start":{"line":112,"column":83},"end":{"line":115,"column":10}},"skip":true},"8":{"name":"(anonymous_8)","line":123,"loc":{"start":{"line":123,"column":77},"end":{"line":126,"column":10}},"skip":true},"9":{"name":"(anonymous_9)","line":139,"loc":{"start":{"line":139,"column":12},"end":{"line":139,"column":40}},"skip":true},"10":{"name":"(anonymous_10)","line":147,"loc":{"start":{"line":147,"column":77},"end":{"line":150,"column":10}},"skip":true},"11":{"name":"(anonymous_11)","line":158,"loc":{"start":{"line":158,"column":83},"end":{"line":161,"column":10}},"skip":true},"12":{"name":"(anonymous_12)","line":169,"loc":{"start":{"line":169,"column":79},"end":{"line":172,"column":10}},"skip":true},"13":{"name":"(anonymous_13)","line":180,"loc":{"start":{"line":180,"column":75},"end":{"line":183,"column":10}},"skip":true}},"statementMap":{"1":{"start":{"line":12,"column":0},"end":{"line":195,"column":5}},"2":{"start":{"line":14,"column":4},"end":{"line":14,"column":14}},"3":{"start":{"line":19,"column":4},"end":{"line":56,"column":9}},"4":{"start":{"line":21,"column":8},"end":{"line":21,"column":19}},"5":{"start":{"line":23,"column":8},"end":{"line":35,"column":13}},"6":{"start":{"line":24,"column":12},"end":{"line":34,"column":13}},"7":{"start":{"line":25,"column":16},"end":{"line":28,"column":30}},"8":{"start":{"line":30,"column":16},"end":{"line":33,"column":27}},"9":{"start":{"line":37,"column":8},"end":{"line":39,"column":21}},"10":{"start":{"line":40,"column":8},"end":{"line":53,"column":9}},"11":{"start":{"line":43,"column":12},"end":{"line":46,"column":14}},"12":{"start":{"line":47,"column":12},"end":{"line":47,"column":18}},"13":{"start":{"line":50,"column":12},"end":{"line":51,"column":46}},"14":{"start":{"line":52,"column":12},"end":{"line":52,"column":18}},"15":{"start":{"line":55,"column":8},"end":{"line":55,"column":35}},"16":{"start":{"line":61,"column":4},"end":{"line":63,"column":9}},"17":{"start":{"line":62,"column":8},"end":{"line":62,"column":15}},"18":{"start":{"line":64,"column":4},"end":{"line":77,"column":5}},"19":{"start":{"line":70,"column":8},"end":{"line":70,"column":14}},"20":{"start":{"line":76,"column":8},"end":{"line":76,"column":14}},"21":{"start":{"line":82,"column":4},"end":{"line":84,"column":9}},"22":{"start":{"line":83,"column":8},"end":{"line":83,"column":15}},"23":{"start":{"line":85,"column":4},"end":{"line":194,"column":5}},"24":{"start":{"line":91,"column":8},"end":{"line":99,"column":10}},"25":{"start":{"line":98,"column":12},"end":{"line":98,"column":35}},"26":{"start":{"line":102,"column":8},"end":{"line":104,"column":63}},"27":{"start":{"line":105,"column":8},"end":{"line":105,"column":14}},"28":{"start":{"line":112,"column":8},"end":{"line":121,"column":10},"skip":true},"29":{"start":{"line":119,"column":12},"end":{"line":119,"column":55},"skip":true},"30":{"start":{"line":120,"column":12},"end":{"line":120,"column":48},"skip":true},"31":{"start":{"line":123,"column":8},"end":{"line":136,"column":10},"skip":true},"32":{"start":{"line":130,"column":12},"end":{"line":130,"column":76},"skip":true},"33":{"start":{"line":131,"column":12},"end":{"line":131,"column":73},"skip":true},"34":{"start":{"line":132,"column":12},"end":{"line":132,"column":74},"skip":true},"35":{"start":{"line":133,"column":12},"end":{"line":133,"column":79},"skip":true},"36":{"start":{"line":134,"column":12},"end":{"line":134,"column":25},"skip":true},"37":{"start":{"line":135,"column":12},"end":{"line":135,"column":45},"skip":true},"38":{"start":{"line":138,"column":8},"end":{"line":145,"column":14},"skip":true},"39":{"start":{"line":143,"column":16},"end":{"line":143,"column":29},"skip":true},"40":{"start":{"line":144,"column":16},"end":{"line":144,"column":55},"skip":true},"41":{"start":{"line":147,"column":8},"end":{"line":156,"column":10},"skip":true},"42":{"start":{"line":154,"column":12},"end":{"line":154,"column":25},"skip":true},"43":{"start":{"line":155,"column":12},"end":{"line":155,"column":45},"skip":true},"44":{"start":{"line":158,"column":8},"end":{"line":167,"column":10},"skip":true},"45":{"start":{"line":165,"column":12},"end":{"line":165,"column":25},"skip":true},"46":{"start":{"line":166,"column":12},"end":{"line":166,"column":48},"skip":true},"47":{"start":{"line":169,"column":8},"end":{"line":178,"column":10},"skip":true},"48":{"start":{"line":176,"column":12},"end":{"line":176,"column":25},"skip":true},"49":{"start":{"line":177,"column":12},"end":{"line":177,"column":46},"skip":true},"50":{"start":{"line":180,"column":8},"end":{"line":189,"column":10},"skip":true},"51":{"start":{"line":187,"column":12},"end":{"line":187,"column":94},"skip":true},"52":{"start":{"line":188,"column":12},"end":{"line":188,"column":48},"skip":true},"53":{"start":{"line":192,"column":8},"end":{"line":192,"column":35},"skip":true},"54":{"start":{"line":193,"column":8},"end":{"line":193,"column":14},"skip":true}},"branchMap":{"1":{"line":25,"type":"binary-expr","locations":[{"start":{"line":25,"column":23},"end":{"line":25,"column":62}},{"start":{"line":26,"column":20},"end":{"line":26,"column":70}},{"start":{"line":27,"column":20},"end":{"line":27,"column":71}},{"start":{"line":28,"column":20},"end":{"line":28,"column":29}}]},"2":{"line":30,"type":"binary-expr","locations":[{"start":{"line":30,"column":23},"end":{"line":30,"column":37}},{"start":{"line":31,"column":20},"end":{"line":31,"column":61}},{"start":{"line":32,"column":20},"end":{"line":32,"column":70}},{"start":{"line":33,"column":20},"end":{"line":33,"column":26}}]},"3":{"line":37,"type":"cond-expr","locations":[{"start":{"line":38,"column":14},"end":{"line":38,"column":20}},{"start":{"line":39,"column":14},"end":{"line":39,"column":20}}]},"4":{"line":40,"type":"switch","locations":[{"start":{"line":42,"column":8},"end":{"line":47,"column":18}},{"start":{"line":49,"column":8},"end":{"line":52,"column":18}}]},"5":{"line":44,"type":"binary-expr","locations":[{"start":{"line":44,"column":16},"end":{"line":44,"column":44}},{"start":{"line":44,"column":48},"end":{"line":44,"column":66}}]},"6":{"line":50,"type":"binary-expr","locations":[{"start":{"line":50,"column":21},"end":{"line":50,"column":49}},{"start":{"line":50,"column":53},"end":{"line":50,"column":72}}]},"7":{"line":64,"type":"switch","locations":[{"start":{"line":69,"column":4},"end":{"line":70,"column":14}},{"start":{"line":75,"column":4},"end":{"line":76,"column":14}}]},"8":{"line":85,"type":"switch","locations":[{"start":{"line":90,"column":4},"end":{"line":105,"column":14}},{"start":{"line":111,"column":4},"end":{"line":193,"column":14},"skip":true}]},"9":{"line":91,"type":"binary-expr","locations":[{"start":{"line":91,"column":42},"end":{"line":91,"column":73}},{"start":{"line":91,"column":77},"end":{"line":99,"column":9}}]},"10":{"line":102,"type":"binary-expr","locations":[{"start":{"line":102,"column":18},"end":{"line":102,"column":32}},{"start":{"line":103,"column":12},"end":{"line":103,"column":53}},{"start":{"line":104,"column":12},"end":{"line":104,"column":61}}]},"11":{"line":112,"type":"binary-expr","locations":[{"start":{"line":112,"column":45},"end":{"line":112,"column":79},"skip":true},{"start":{"line":112,"column":83},"end":{"line":121,"column":9},"skip":true}]},"12":{"line":123,"type":"binary-expr","locations":[{"start":{"line":123,"column":42},"end":{"line":123,"column":73},"skip":true},{"start":{"line":123,"column":77},"end":{"line":136,"column":9},"skip":true}]},"13":{"line":138,"type":"binary-expr","locations":[{"start":{"line":138,"column":48},"end":{"line":138,"column":85},"skip":true},{"start":{"line":139,"column":12},"end":{"line":145,"column":13},"skip":true}]},"14":{"line":147,"type":"binary-expr","locations":[{"start":{"line":147,"column":42},"end":{"line":147,"column":73},"skip":true},{"start":{"line":147,"column":77},"end":{"line":156,"column":9},"skip":true}]},"15":{"line":158,"type":"binary-expr","locations":[{"start":{"line":158,"column":45},"end":{"line":158,"column":79},"skip":true},{"start":{"line":158,"column":83},"end":{"line":167,"column":9},"skip":true}]},"16":{"line":169,"type":"binary-expr","locations":[{"start":{"line":169,"column":43},"end":{"line":169,"column":75},"skip":true},{"start":{"line":169,"column":79},"end":{"line":178,"column":9},"skip":true}]},"17":{"line":180,"type":"binary-expr","locations":[{"start":{"line":180,"column":41},"end":{"line":180,"column":71},"skip":true},{"start":{"line":180,"column":75},"end":{"line":189,"column":9},"skip":true}]}},"code":["/* istanbul instrument in package npmtest_github_flavored_markdown */","/*jslint","    bitwise: true,","    browser: true,","    maxerr: 8,","    maxlen: 96,","    node: true,","    nomen: true,","    regexp: true,","    stupid: true","*/","(function () {","    'use strict';","    var local;","","","","    // run shared js-env code - pre-init","    (function () {","        // init local","        local = {};","        // init modeJs","        local.modeJs = (function () {","            try {","                return typeof navigator.userAgent === 'string' &&","                    typeof document.querySelector('body') === 'object' &&","                    typeof XMLHttpRequest.prototype.open === 'function' &&","                    'browser';","            } catch (errorCaughtBrowser) {","                return module.exports &&","                    typeof process.versions.node === 'string' &&","                    typeof require('http').createServer === 'function' &&","                    'node';","            }","        }());","        // init global","        local.global = local.modeJs === 'browser'","            ? window","            : global;","        switch (local.modeJs) {","        // re-init local from window.local","        case 'browser':","            local = local.global.utility2.objectSetDefault(","                local.global.utility2_rollup || local.global.local,","                local.global.utility2","            );","            break;","        // re-init local from example.js","        case 'node':","            local = (local.global.utility2_rollup || require('utility2'))","                .requireExampleJsFromReadme();","            break;","        }","        // export local","        local.global.local = local;","    }());","","","","    // run shared js-env code - function","    (function () {","        return;","    }());","    switch (local.modeJs) {","","","","    // run browser js-env code - function","    case 'browser':","        break;","","","","    // run node js-env code - function","    case 'node':","        break;","    }","","","","    // run shared js-env code - post-init","    (function () {","        return;","    }());","    switch (local.modeJs) {","","","","    // run browser js-env code - post-init","    case 'browser':","        local.testCase_browser_nullCase = local.testCase_browser_nullCase || function (","            options,","            onError","        ) {","        /*","         * this function will test browsers's null-case handling-behavior-behavior","         */","            onError(null, options);","        };","","        // run tests","        local.nop(local.modeTest &&","            document.querySelector('#testRunButton1') &&","            document.querySelector('#testRunButton1').click());","        break;","","","","    // run node js-env code - post-init","    /* istanbul ignore next */","    case 'node':","        local.testCase_buildApidoc_default = local.testCase_buildApidoc_default || function (","            options,","            onError","        ) {","        /*","         * this function will test buildApidoc's default handling-behavior-behavior","         */","            options = { modulePathList: module.paths };","            local.buildApidoc(options, onError);","        };","","        local.testCase_buildApp_default = local.testCase_buildApp_default || function (","            options,","            onError","        ) {","        /*","         * this function will test buildApp's default handling-behavior-behavior","         */","            local.testCase_buildReadme_default(options, local.onErrorThrow);","            local.testCase_buildLib_default(options, local.onErrorThrow);","            local.testCase_buildTest_default(options, local.onErrorThrow);","            local.testCase_buildCustomOrg_default(options, local.onErrorThrow);","            options = [];","            local.buildApp(options, onError);","        };","","        local.testCase_buildCustomOrg_default = local.testCase_buildCustomOrg_default ||","            function (options, onError) {","            /*","             * this function will test buildCustomOrg's default handling-behavior","             */","                options = {};","                local.buildCustomOrg(options, onError);","            };","","        local.testCase_buildLib_default = local.testCase_buildLib_default || function (","            options,","            onError","        ) {","        /*","         * this function will test buildLib's default handling-behavior","         */","            options = {};","            local.buildLib(options, onError);","        };","","        local.testCase_buildReadme_default = local.testCase_buildReadme_default || function (","            options,","            onError","        ) {","        /*","         * this function will test buildReadme's default handling-behavior-behavior","         */","            options = {};","            local.buildReadme(options, onError);","        };","","        local.testCase_buildTest_default = local.testCase_buildTest_default || function (","            options,","            onError","        ) {","        /*","         * this function will test buildTest's default handling-behavior","         */","            options = {};","            local.buildTest(options, onError);","        };","","        local.testCase_webpage_default = local.testCase_webpage_default || function (","            options,","            onError","        ) {","        /*","         * this function will test webpage's default handling-behavior","         */","            options = { modeCoverageMerge: true, url: local.serverLocalHost + '?modeTest=1' };","            local.browserTest(options, onError);","        };","","        // run test-server","        local.testRunServer(local);","        break;","    }","}());",""],"l":{"12":2,"14":2,"19":2,"21":2,"23":2,"24":2,"25":2,"30":1,"37":2,"40":2,"43":1,"47":1,"50":1,"52":1,"55":2,"61":2,"62":2,"64":2,"70":1,"76":1,"82":2,"83":2,"85":2,"91":1,"98":1,"102":1,"105":1,"112":1,"119":1,"120":1,"123":1,"130":1,"131":1,"132":1,"133":1,"134":1,"135":1,"138":1,"143":2,"144":2,"147":1,"154":2,"155":2,"158":1,"165":2,"166":2,"169":1,"176":2,"177":2,"180":1,"187":1,"188":1,"192":1,"193":1}},"/home/travis/build/npmtest/node-npmtest-github-flavored-markdown/lib.npmtest_github_flavored_markdown.js":{"path":"/home/travis/build/npmtest/node-npmtest-github-flavored-markdown/lib.npmtest_github_flavored_markdown.js","s":{"1":2,"2":2,"3":2,"4":2,"5":2,"6":2,"7":2,"8":1,"9":2,"10":2,"11":2,"12":2,"13":1,"14":1,"15":1,"16":1},"b":{"1":[2,1,1,1],"2":[1,1,1,1],"3":[1,1],"4":[2,2],"5":[1,1]},"f":{"1":2,"2":2,"3":2},"fnMap":{"1":{"name":"(anonymous_1)","line":12,"loc":{"start":{"line":12,"column":1},"end":{"line":12,"column":13}}},"2":{"name":"(anonymous_2)","line":19,"loc":{"start":{"line":19,"column":5},"end":{"line":19,"column":17}}},"3":{"name":"(anonymous_3)","line":23,"loc":{"start":{"line":23,"column":24},"end":{"line":23,"column":36}}}},"statementMap":{"1":{"start":{"line":12,"column":0},"end":{"line":53,"column":5}},"2":{"start":{"line":14,"column":4},"end":{"line":14,"column":14}},"3":{"start":{"line":19,"column":4},"end":{"line":52,"column":9}},"4":{"start":{"line":21,"column":8},"end":{"line":21,"column":19}},"5":{"start":{"line":23,"column":8},"end":{"line":35,"column":13}},"6":{"start":{"line":24,"column":12},"end":{"line":34,"column":13}},"7":{"start":{"line":25,"column":16},"end":{"line":28,"column":30}},"8":{"start":{"line":30,"column":16},"end":{"line":33,"column":27}},"9":{"start":{"line":37,"column":8},"end":{"line":39,"column":21}},"10":{"start":{"line":41,"column":8},"end":{"line":41,"column":54}},"11":{"start":{"line":43,"column":8},"end":{"line":43,"column":69}},"12":{"start":{"line":45,"column":8},"end":{"line":51,"column":9}},"13":{"start":{"line":46,"column":12},"end":{"line":46,"column":75}},"14":{"start":{"line":48,"column":12},"end":{"line":48,"column":35}},"15":{"start":{"line":49,"column":12},"end":{"line":49,"column":49}},"16":{"start":{"line":50,"column":12},"end":{"line":50,"column":43}}},"branchMap":{"1":{"line":25,"type":"binary-expr","locations":[{"start":{"line":25,"column":23},"end":{"line":25,"column":62}},{"start":{"line":26,"column":20},"end":{"line":26,"column":70}},{"start":{"line":27,"column":20},"end":{"line":27,"column":71}},{"start":{"line":28,"column":20},"end":{"line":28,"column":29}}]},"2":{"line":30,"type":"binary-expr","locations":[{"start":{"line":30,"column":23},"end":{"line":30,"column":37}},{"start":{"line":31,"column":20},"end":{"line":31,"column":61}},{"start":{"line":32,"column":20},"end":{"line":32,"column":70}},{"start":{"line":33,"column":20},"end":{"line":33,"column":26}}]},"3":{"line":37,"type":"cond-expr","locations":[{"start":{"line":38,"column":14},"end":{"line":38,"column":20}},{"start":{"line":39,"column":14},"end":{"line":39,"column":20}}]},"4":{"line":41,"type":"binary-expr","locations":[{"start":{"line":41,"column":16},"end":{"line":41,"column":44}},{"start":{"line":41,"column":48},"end":{"line":41,"column":53}}]},"5":{"line":45,"type":"if","locations":[{"start":{"line":45,"column":8},"end":{"line":45,"column":8}},{"start":{"line":45,"column":8},"end":{"line":45,"column":8}}]}},"code":["/* istanbul instrument in package npmtest_github_flavored_markdown */","/*jslint","    bitwise: true,","    browser: true,","    maxerr: 8,","    maxlen: 96,","    node: true,","    nomen: true,","    regexp: true,","    stupid: true","*/","(function () {","    'use strict';","    var local;","","","","    // run shared js-env code - pre-init","    (function () {","        // init local","        local = {};","        // init modeJs","        local.modeJs = (function () {","            try {","                return typeof navigator.userAgent === 'string' &&","                    typeof document.querySelector('body') === 'object' &&","                    typeof XMLHttpRequest.prototype.open === 'function' &&","                    'browser';","            } catch (errorCaughtBrowser) {","                return module.exports &&","                    typeof process.versions.node === 'string' &&","                    typeof require('http').createServer === 'function' &&","                    'node';","            }","        }());","        // init global","        local.global = local.modeJs === 'browser'","            ? window","            : global;","        // init utility2_rollup","        local = local.global.utility2_rollup || local;","        // init lib","        local.local = local.npmtest_github_flavored_markdown = local;","        // init exports","        if (local.modeJs === 'browser') {","            local.global.utility2_npmtest_github_flavored_markdown = local;","        } else {","            module.exports = local;","            module.exports.__dirname = __dirname;","            module.exports.module = module;","        }","    }());","}());",""],"l":{"12":2,"14":2,"19":2,"21":2,"23":2,"24":2,"25":2,"30":1,"37":2,"41":2,"43":2,"45":2,"46":1,"48":1,"49":1,"50":1}},"/home/travis/build/npmtest/node-npmtest-github-flavored-markdown/example.js":{"path":"/home/travis/build/npmtest/node-npmtest-github-flavored-markdown/example.js","s":{"1":2,"2":2,"3":2,"4":2,"5":2,"6":2,"7":2,"8":1,"9":2,"10":2,"11":2,"12":2,"13":1,"14":2,"15":2,"16":2,"17":2,"18":2,"19":0,"20":2,"21":1,"22":1,"23":1,"24":1,"25":1,"26":0,"27":0,"28":1,"29":1,"30":2,"31":0,"32":0,"33":0,"34":1,"35":2,"36":2,"37":3,"38":3,"39":3,"40":3,"41":0,"42":3,"43":3,"44":3,"45":1,"46":3,"47":1,"48":1,"49":1,"50":1,"51":1,"52":1,"53":1,"54":1,"55":1,"56":1,"57":0,"58":1,"59":6,"60":6,"61":1,"62":2,"63":0,"64":2,"65":1,"66":1,"67":0,"68":0,"69":0,"70":0,"71":0,"72":0,"73":0,"74":0,"75":0,"76":0,"77":0,"78":0,"79":0,"80":0,"81":0,"82":0,"83":0},"b":{"1":[2,1,1,1],"2":[1,1,1,1],"3":[1,1],"4":[2,2],"5":[1,1],"6":[1,1],"7":[2,0],"8":[2,1,1,1,1,1],"9":[0,2,0],"10":[1,1],"11":[2,1,1],"12":[1,0],"13":[0,2],"14":[2,0,0,0,0,0,0],"15":[0,3],"16":[3,0],"17":[1,1],"18":[0,1],"19":[1,2,0,2],"20":[1,0],"21":[1,1],"22":[0,0],"23":[0,0],"24":[0,0],"25":[0,0],"26":[0,0],"27":[0,0],"28":[0,0]},"f":{"1":2,"2":2,"3":2,"4":2,"5":2,"6":2,"7":3,"8":3,"9":3,"10":1,"11":6,"12":0},"fnMap":{"1":{"name":"(anonymous_1)","line":26,"loc":{"start":{"line":26,"column":1},"end":{"line":26,"column":13}}},"2":{"name":"(anonymous_2)","line":33,"loc":{"start":{"line":33,"column":5},"end":{"line":33,"column":17}}},"3":{"name":"(anonymous_3)","line":37,"loc":{"start":{"line":37,"column":24},"end":{"line":37,"column":36}}},"4":{"name":"(anonymous_4)","line":69,"loc":{"start":{"line":69,"column":31},"end":{"line":69,"column":48}},"skip":true},"5":{"name":"(anonymous_5)","line":78,"loc":{"start":{"line":78,"column":26},"end":{"line":78,"column":45}},"skip":true},"6":{"name":"(anonymous_6)","line":123,"loc":{"start":{"line":123,"column":33},"end":{"line":123,"column":48}},"skip":true},"7":{"name":"(anonymous_7)","line":125,"loc":{"start":{"line":125,"column":27},"end":{"line":125,"column":39}},"skip":true},"8":{"name":"(anonymous_8)","line":133,"loc":{"start":{"line":133,"column":59},"end":{"line":133,"column":74}},"skip":true},"9":{"name":"(anonymous_9)","line":143,"loc":{"start":{"line":143,"column":45},"end":{"line":143,"column":62}},"skip":true},"10":{"name":"(anonymous_10)","line":144,"loc":{"start":{"line":144,"column":73},"end":{"line":144,"column":92}},"skip":true},"11":{"name":"(anonymous_11)","line":272,"loc":{"start":{"line":272,"column":51},"end":{"line":272,"column":77}},"skip":true},"12":{"name":"(anonymous_12)","line":315,"loc":{"start":{"line":315,"column":32},"end":{"line":315,"column":61}},"skip":true}},"statementMap":{"1":{"start":{"line":26,"column":0},"end":{"line":326,"column":5}},"2":{"start":{"line":28,"column":4},"end":{"line":28,"column":14}},"3":{"start":{"line":33,"column":4},"end":{"line":60,"column":9}},"4":{"start":{"line":35,"column":8},"end":{"line":35,"column":19}},"5":{"start":{"line":37,"column":8},"end":{"line":49,"column":13}},"6":{"start":{"line":38,"column":12},"end":{"line":48,"column":13}},"7":{"start":{"line":39,"column":16},"end":{"line":42,"column":30}},"8":{"start":{"line":44,"column":16},"end":{"line":47,"column":27}},"9":{"start":{"line":51,"column":8},"end":{"line":53,"column":21}},"10":{"start":{"line":55,"column":8},"end":{"line":57,"column":45}},"11":{"start":{"line":59,"column":8},"end":{"line":59,"column":35}},"12":{"start":{"line":61,"column":4},"end":{"line":325,"column":5}},"13":{"start":{"line":69,"column":8},"end":{"line":121,"column":10},"skip":true},"14":{"start":{"line":70,"column":12},"end":{"line":88,"column":13},"skip":true},"15":{"start":{"line":76,"column":16},"end":{"line":87,"column":19},"skip":true},"16":{"start":{"line":79,"column":20},"end":{"line":86,"column":21},"skip":true},"17":{"start":{"line":82,"column":24},"end":{"line":82,"column":43},"skip":true},"18":{"start":{"line":83,"column":24},"end":{"line":83,"column":30},"skip":true},"19":{"start":{"line":85,"column":24},"end":{"line":85,"column":49},"skip":true},"20":{"start":{"line":89,"column":12},"end":{"line":107,"column":13},"skip":true},"21":{"start":{"line":92,"column":16},"end":{"line":102,"column":17},"skip":true},"22":{"start":{"line":93,"column":20},"end":{"line":93,"column":86},"skip":true},"23":{"start":{"line":94,"column":20},"end":{"line":95,"column":45},"skip":true},"24":{"start":{"line":96,"column":20},"end":{"line":96,"column":42},"skip":true},"25":{"start":{"line":97,"column":20},"end":{"line":97,"column":48},"skip":true},"26":{"start":{"line":100,"column":20},"end":{"line":100,"column":85},"skip":true},"27":{"start":{"line":101,"column":20},"end":{"line":101,"column":96},"skip":true},"28":{"start":{"line":103,"column":16},"end":{"line":103,"column":22},"skip":true},"29":{"start":{"line":106,"column":16},"end":{"line":106,"column":22},"skip":true},"30":{"start":{"line":108,"column":12},"end":{"line":120,"column":13},"skip":true},"31":{"start":{"line":114,"column":16},"end":{"line":119,"column":17},"skip":true},"32":{"start":{"line":116,"column":20},"end":{"line":116,"column":78},"skip":true},"33":{"start":{"line":118,"column":20},"end":{"line":118,"column":47},"skip":true},"34":{"start":{"line":123,"column":8},"end":{"line":141,"column":11},"skip":true},"35":{"start":{"line":124,"column":12},"end":{"line":124,"column":54},"skip":true},"36":{"start":{"line":125,"column":12},"end":{"line":140,"column":14},"skip":true},"37":{"start":{"line":126,"column":16},"end":{"line":126,"column":28},"skip":true},"38":{"start":{"line":127,"column":16},"end":{"line":127,"column":69},"skip":true},"39":{"start":{"line":128,"column":16},"end":{"line":128,"column":75},"skip":true},"40":{"start":{"line":129,"column":16},"end":{"line":131,"column":17},"skip":true},"41":{"start":{"line":130,"column":20},"end":{"line":130,"column":27},"skip":true},"42":{"start":{"line":133,"column":16},"end":{"line":137,"column":36},"skip":true},"43":{"start":{"line":134,"column":20},"end":{"line":136,"column":55},"skip":true},"44":{"start":{"line":139,"column":16},"end":{"line":139,"column":57},"skip":true},"45":{"start":{"line":143,"column":8},"end":{"line":147,"column":11},"skip":true},"46":{"start":{"line":144,"column":12},"end":{"line":146,"column":15},"skip":true},"47":{"start":{"line":145,"column":16},"end":{"line":145,"column":70},"skip":true},"48":{"start":{"line":149,"column":8},"end":{"line":149,"column":31},"skip":true},"49":{"start":{"line":150,"column":8},"end":{"line":150,"column":14},"skip":true},"50":{"start":{"line":158,"column":8},"end":{"line":158,"column":31},"skip":true},"51":{"start":{"line":160,"column":8},"end":{"line":160,"column":33},"skip":true},"52":{"start":{"line":161,"column":8},"end":{"line":161,"column":37},"skip":true},"53":{"start":{"line":162,"column":8},"end":{"line":162,"column":35},"skip":true},"54":{"start":{"line":164,"column":8},"end":{"line":164,"column":50},"skip":true},"55":{"start":{"line":166,"column":8},"end":{"line":256,"column":2},"skip":true},"56":{"start":{"line":258,"column":8},"end":{"line":286,"column":9},"skip":true},"57":{"start":{"line":259,"column":12},"end":{"line":269,"column":14},"skip":true},"58":{"start":{"line":271,"column":12},"end":{"line":285,"column":19},"skip":true},"59":{"start":{"line":274,"column":20},"end":{"line":274,"column":35},"skip":true},"60":{"start":{"line":275,"column":20},"end":{"line":284,"column":21},"skip":true},"61":{"start":{"line":277,"column":24},"end":{"line":277,"column":64},"skip":true},"62":{"start":{"line":279,"column":24},"end":{"line":279,"column":40},"skip":true},"63":{"start":{"line":281,"column":24},"end":{"line":281,"column":40},"skip":true},"64":{"start":{"line":283,"column":24},"end":{"line":283,"column":39},"skip":true},"65":{"start":{"line":288,"column":8},"end":{"line":290,"column":9},"skip":true},"66":{"start":{"line":289,"column":12},"end":{"line":289,"column":18},"skip":true},"67":{"start":{"line":291,"column":8},"end":{"line":293,"column":54},"skip":true},"68":{"start":{"line":296,"column":8},"end":{"line":301,"column":37},"skip":true},"69":{"start":{"line":303,"column":8},"end":{"line":303,"column":82},"skip":true},"70":{"start":{"line":306,"column":8},"end":{"line":308,"column":9},"skip":true},"71":{"start":{"line":307,"column":12},"end":{"line":307,"column":82},"skip":true},"72":{"start":{"line":310,"column":8},"end":{"line":312,"column":9},"skip":true},"73":{"start":{"line":311,"column":12},"end":{"line":311,"column":18},"skip":true},"74":{"start":{"line":313,"column":8},"end":{"line":313,"column":54},"skip":true},"75":{"start":{"line":314,"column":8},"end":{"line":314,"column":69},"skip":true},"76":{"start":{"line":315,"column":8},"end":{"line":323,"column":36},"skip":true},"77":{"start":{"line":316,"column":12},"end":{"line":316,"column":61},"skip":true},"78":{"start":{"line":317,"column":12},"end":{"line":320,"column":13},"skip":true},"79":{"start":{"line":318,"column":16},"end":{"line":318,"column":75},"skip":true},"80":{"start":{"line":319,"column":16},"end":{"line":319,"column":23},"skip":true},"81":{"start":{"line":321,"column":12},"end":{"line":321,"column":38},"skip":true},"82":{"start":{"line":322,"column":12},"end":{"line":322,"column":27},"skip":true},"83":{"start":{"line":324,"column":8},"end":{"line":324,"column":14},"skip":true}},"branchMap":{"1":{"line":39,"type":"binary-expr","locations":[{"start":{"line":39,"column":23},"end":{"line":39,"column":62}},{"start":{"line":40,"column":20},"end":{"line":40,"column":70}},{"start":{"line":41,"column":20},"end":{"line":41,"column":71}},{"start":{"line":42,"column":20},"end":{"line":42,"column":29}}]},"2":{"line":44,"type":"binary-expr","locations":[{"start":{"line":44,"column":23},"end":{"line":44,"column":37}},{"start":{"line":45,"column":20},"end":{"line":45,"column":61}},{"start":{"line":46,"column":20},"end":{"line":46,"column":70}},{"start":{"line":47,"column":20},"end":{"line":47,"column":26}}]},"3":{"line":51,"type":"cond-expr","locations":[{"start":{"line":52,"column":14},"end":{"line":52,"column":20}},{"start":{"line":53,"column":14},"end":{"line":53,"column":20}}]},"4":{"line":55,"type":"binary-expr","locations":[{"start":{"line":55,"column":16},"end":{"line":55,"column":44}},{"start":{"line":55,"column":49},"end":{"line":57,"column":43}}]},"5":{"line":55,"type":"cond-expr","locations":[{"start":{"line":56,"column":14},"end":{"line":56,"column":68}},{"start":{"line":57,"column":14},"end":{"line":57,"column":43}}]},"6":{"line":61,"type":"switch","locations":[{"start":{"line":68,"column":4},"end":{"line":150,"column":14},"skip":true},{"start":{"line":156,"column":4},"end":{"line":324,"column":14},"skip":true}]},"7":{"line":70,"type":"if","locations":[{"start":{"line":70,"column":12},"end":{"line":70,"column":12},"skip":true},{"start":{"line":70,"column":12},"end":{"line":70,"column":12},"skip":true}]},"8":{"line":70,"type":"binary-expr","locations":[{"start":{"line":70,"column":16},"end":{"line":70,"column":22},"skip":true},{"start":{"line":70,"column":27},"end":{"line":70,"column":32},"skip":true},{"start":{"line":71,"column":20},"end":{"line":71,"column":39},"skip":true},{"start":{"line":72,"column":20},"end":{"line":72,"column":49},"skip":true},{"start":{"line":73,"column":20},"end":{"line":73,"column":58},"skip":true},{"start":{"line":74,"column":20},"end":{"line":74,"column":69},"skip":true}]},"9":{"line":79,"type":"switch","locations":[{"start":{"line":80,"column":20},"end":{"line":80,"column":33},"skip":true},{"start":{"line":81,"column":20},"end":{"line":83,"column":30},"skip":true},{"start":{"line":84,"column":20},"end":{"line":85,"column":49},"skip":true}]},"10":{"line":89,"type":"switch","locations":[{"start":{"line":90,"column":12},"end":{"line":103,"column":22},"skip":true},{"start":{"line":105,"column":12},"end":{"line":106,"column":22},"skip":true}]},"11":{"line":89,"type":"binary-expr","locations":[{"start":{"line":89,"column":20},"end":{"line":89,"column":25},"skip":true},{"start":{"line":89,"column":29},"end":{"line":89,"column":48},"skip":true},{"start":{"line":89,"column":52},"end":{"line":89,"column":74},"skip":true}]},"12":{"line":92,"type":"if","locations":[{"start":{"line":92,"column":16},"end":{"line":92,"column":16},"skip":true},{"start":{"line":92,"column":16},"end":{"line":92,"column":16},"skip":true}]},"13":{"line":108,"type":"if","locations":[{"start":{"line":108,"column":12},"end":{"line":108,"column":12},"skip":true},{"start":{"line":108,"column":12},"end":{"line":108,"column":12},"skip":true}]},"14":{"line":108,"type":"binary-expr","locations":[{"start":{"line":108,"column":16},"end":{"line":108,"column":61},"skip":true},{"start":{"line":108,"column":66},"end":{"line":108,"column":72},"skip":true},{"start":{"line":108,"column":77},"end":{"line":108,"column":82},"skip":true},{"start":{"line":109,"column":20},"end":{"line":109,"column":39},"skip":true},{"start":{"line":110,"column":20},"end":{"line":110,"column":49},"skip":true},{"start":{"line":111,"column":20},"end":{"line":111,"column":58},"skip":true},{"start":{"line":112,"column":20},"end":{"line":112,"column":68},"skip":true}]},"15":{"line":129,"type":"if","locations":[{"start":{"line":129,"column":16},"end":{"line":129,"column":16},"skip":true},{"start":{"line":129,"column":16},"end":{"line":129,"column":16},"skip":true}]},"16":{"line":134,"type":"cond-expr","locations":[{"start":{"line":135,"column":26},"end":{"line":135,"column":29},"skip":true},{"start":{"line":136,"column":26},"end":{"line":136,"column":54},"skip":true}]},"17":{"line":164,"type":"binary-expr","locations":[{"start":{"line":164,"column":27},"end":{"line":164,"column":43},"skip":true},{"start":{"line":164,"column":47},"end":{"line":164,"column":49},"skip":true}]},"18":{"line":258,"type":"if","locations":[{"start":{"line":258,"column":8},"end":{"line":258,"column":8},"skip":true},{"start":{"line":258,"column":8},"end":{"line":258,"column":8},"skip":true}]},"19":{"line":275,"type":"switch","locations":[{"start":{"line":276,"column":20},"end":{"line":277,"column":64},"skip":true},{"start":{"line":278,"column":20},"end":{"line":279,"column":40},"skip":true},{"start":{"line":280,"column":20},"end":{"line":281,"column":40},"skip":true},{"start":{"line":282,"column":20},"end":{"line":283,"column":39},"skip":true}]},"20":{"line":288,"type":"if","locations":[{"start":{"line":288,"column":8},"end":{"line":288,"column":8},"skip":true},{"start":{"line":288,"column":8},"end":{"line":288,"column":8},"skip":true}]},"21":{"line":288,"type":"binary-expr","locations":[{"start":{"line":288,"column":12},"end":{"line":288,"column":40},"skip":true},{"start":{"line":288,"column":44},"end":{"line":288,"column":67},"skip":true}]},"22":{"line":292,"type":"binary-expr","locations":[{"start":{"line":292,"column":12},"end":{"line":292,"column":50},"skip":true},{"start":{"line":293,"column":12},"end":{"line":293,"column":53},"skip":true}]},"23":{"line":297,"type":"binary-expr","locations":[{"start":{"line":297,"column":12},"end":{"line":297,"column":82},"skip":true},{"start":{"line":298,"column":12},"end":{"line":301,"column":36},"skip":true}]},"24":{"line":303,"type":"binary-expr","locations":[{"start":{"line":303,"column":43},"end":{"line":303,"column":75},"skip":true},{"start":{"line":303,"column":79},"end":{"line":303,"column":81},"skip":true}]},"25":{"line":306,"type":"if","locations":[{"start":{"line":306,"column":8},"end":{"line":306,"column":8},"skip":true},{"start":{"line":306,"column":8},"end":{"line":306,"column":8},"skip":true}]},"26":{"line":310,"type":"if","locations":[{"start":{"line":310,"column":8},"end":{"line":310,"column":8},"skip":true},{"start":{"line":310,"column":8},"end":{"line":310,"column":8},"skip":true}]},"27":{"line":313,"type":"binary-expr","locations":[{"start":{"line":313,"column":27},"end":{"line":313,"column":43},"skip":true},{"start":{"line":313,"column":47},"end":{"line":313,"column":53},"skip":true}]},"28":{"line":317,"type":"if","locations":[{"start":{"line":317,"column":12},"end":{"line":317,"column":12},"skip":true},{"start":{"line":317,"column":12},"end":{"line":317,"column":12},"skip":true}]}},"code":["/*","example.js","","quickstart example","","instruction","    1. save this script as example.js","    2. run the shell command:","        $ npm install npmtest-github-flavored-markdown && PORT=8081 node example.js","    3. play with the browser-demo on http://127.0.0.1:8081","*/","","","","/* istanbul instrument in package npmtest_github_flavored_markdown */","/*jslint","    bitwise: true,","    browser: true,","    maxerr: 8,","    maxlen: 96,","    node: true,","    nomen: true,","    regexp: true,","    stupid: true","*/","(function () {","    'use strict';","    var local;","","","","    // run shared js-env code - pre-init","    (function () {","        // init local","        local = {};","        // init modeJs","        local.modeJs = (function () {","            try {","                return typeof navigator.userAgent === 'string' &&","                    typeof document.querySelector('body') === 'object' &&","                    typeof XMLHttpRequest.prototype.open === 'function' &&","                    'browser';","            } catch (errorCaughtBrowser) {","                return module.exports &&","                    typeof process.versions.node === 'string' &&","                    typeof require('http').createServer === 'function' &&","                    'node';","            }","        }());","        // init global","        local.global = local.modeJs === 'browser'","            ? window","            : global;","        // init utility2_rollup","        local = local.global.utility2_rollup || (local.modeJs === 'browser'","            ? local.global.utility2_npmtest_github_flavored_markdown","            : global.utility2_moduleExports);","        // export local","        local.global.local = local;","    }());","    switch (local.modeJs) {","","","","    // post-init","    // run browser js-env code - post-init","    /* istanbul ignore next */","    case 'browser':","        local.testRunBrowser = function (event) {","            if (!event || (event &&","                    event.currentTarget &&","                    event.currentTarget.className &&","                    event.currentTarget.className.includes &&","                    event.currentTarget.className.includes('onreset'))) {","                // reset output","                Array.from(","                    document.querySelectorAll('body > .resettable')","                ).forEach(function (element) {","                    switch (element.tagName) {","                    case 'INPUT':","                    case 'TEXTAREA':","                        element.value = '';","                        break;","                    default:","                        element.textContent = '';","                    }","                });","            }","            switch (event && event.currentTarget && event.currentTarget.id) {","            case 'testRunButton1':","                // show tests","                if (document.querySelector('#testReportDiv1').style.display === 'none') {","                    document.querySelector('#testReportDiv1').style.display = 'block';","                    document.querySelector('#testRunButton1').textContent =","                        'hide internal test';","                    local.modeTest = true;","                    local.testRunDefault(local);","                // hide tests","                } else {","                    document.querySelector('#testReportDiv1').style.display = 'none';","                    document.querySelector('#testRunButton1').textContent = 'run internal test';","                }","                break;","            // custom-case","            default:","                break;","            }","            if (document.querySelector('#inputTextareaEval1') && (!event || (event &&","                    event.currentTarget &&","                    event.currentTarget.className &&","                    event.currentTarget.className.includes &&","                    event.currentTarget.className.includes('oneval')))) {","                // try to eval input-code","                try {","                    /*jslint evil: true*/","                    eval(document.querySelector('#inputTextareaEval1').value);","                } catch (errorCaught) {","                    console.error(errorCaught);","                }","            }","        };","        // log stderr and stdout to #outputTextareaStdout1","        ['error', 'log'].forEach(function (key) {","            console[key + '_original'] = console[key];","            console[key] = function () {","                var element;","                console[key + '_original'].apply(console, arguments);","                element = document.querySelector('#outputTextareaStdout1');","                if (!element) {","                    return;","                }","                // append text to #outputTextareaStdout1","                element.value += Array.from(arguments).map(function (arg) {","                    return typeof arg === 'string'","                        ? arg","                        : JSON.stringify(arg, null, 4);","                }).join(' ') + '\\n';","                // scroll textarea to bottom","                element.scrollTop = element.scrollHeight;","            };","        });","        // init event-handling","        ['change', 'click', 'keyup'].forEach(function (event) {","            Array.from(document.querySelectorAll('.on' + event)).forEach(function (element) {","                element.addEventListener(event, local.testRunBrowser);","            });","        });","        // run tests","        local.testRunBrowser();","        break;","","","","    // run node js-env code - post-init","    /* istanbul ignore next */","    case 'node':","        // export local","        module.exports = local;","        // require modules","        local.fs = require('fs');","        local.http = require('http');","        local.url = require('url');","        // init assets","        local.assetsDict = local.assetsDict || {};","        /* jslint-ignore-begin */","        local.assetsDict['/assets.index.template.html'] = '\\","<!doctype html>\\n\\","<html lang=\"en\">\\n\\","<head>\\n\\","<meta charset=\"UTF-8\">\\n\\","<meta name=\"viewport\" content=\"width=device-width, initial-scale=1\">\\n\\","<title>{{env.npm_package_name}} (v{{env.npm_package_version}})</title>\\n\\","<style>\\n\\","/*csslint\\n\\","    box-sizing: false,\\n\\","    universal-selector: false\\n\\","*/\\n\\","* {\\n\\","    box-sizing: border-box;\\n\\","}\\n\\","body {\\n\\","    background: #dde;\\n\\","    font-family: Arial, Helvetica, sans-serif;\\n\\","    margin: 2rem;\\n\\","}\\n\\","body > * {\\n\\","    margin-bottom: 1rem;\\n\\","}\\n\\",".utility2FooterDiv {\\n\\","    margin-top: 20px;\\n\\","    text-align: center;\\n\\","}\\n\\","</style>\\n\\","<style>\\n\\","/*csslint\\n\\","*/\\n\\","textarea {\\n\\","    font-family: monospace;\\n\\","    height: 10rem;\\n\\","    width: 100%;\\n\\","}\\n\\","textarea[readonly] {\\n\\","    background: #ddd;\\n\\","}\\n\\","</style>\\n\\","</head>\\n\\","<body>\\n\\","<!-- utility2-comment\\n\\","<div id=\"ajaxProgressDiv1\" style=\"background: #d00; height: 2px; left: 0; margin: 0; padding: 0; position: fixed; top: 0; transition: background 0.5s, width 1.5s; width: 25%;\"></div>\\n\\","utility2-comment -->\\n\\","<h1>\\n\\","<!-- utility2-comment\\n\\","    <a\\n\\","        {{#if env.npm_package_homepage}}\\n\\","        href=\"{{env.npm_package_homepage}}\"\\n\\","        {{/if env.npm_package_homepage}}\\n\\","        target=\"_blank\"\\n\\","    >\\n\\","utility2-comment -->\\n\\","        {{env.npm_package_name}} (v{{env.npm_package_version}})\\n\\","<!-- utility2-comment\\n\\","    </a>\\n\\","utility2-comment -->\\n\\","</h1>\\n\\","<h3>{{env.npm_package_description}}</h3>\\n\\","<!-- utility2-comment\\n\\","<h4><a download href=\"assets.app.js\">download standalone app</a></h4>\\n\\","<button class=\"onclick onreset\" id=\"testRunButton1\">run internal test</button><br>\\n\\","<div id=\"testReportDiv1\" style=\"display: none;\"></div>\\n\\","utility2-comment -->\\n\\","\\n\\","\\n\\","\\n\\","<label>stderr and stdout</label>\\n\\","<textarea class=\"resettable\" id=\"outputTextareaStdout1\" readonly></textarea>\\n\\","<!-- utility2-comment\\n\\","{{#if isRollup}}\\n\\","<script src=\"assets.app.js\"></script>\\n\\","{{#unless isRollup}}\\n\\","utility2-comment -->\\n\\","<script src=\"assets.utility2.rollup.js\"></script>\\n\\","<script src=\"jsonp.utility2._stateInit?callback=window.utility2._stateInit\"></script>\\n\\","<script src=\"assets.npmtest_github_flavored_markdown.rollup.js\"></script>\\n\\","<script src=\"assets.example.js\"></script>\\n\\","<script src=\"assets.test.js\"></script>\\n\\","<!-- utility2-comment\\n\\","{{/if isRollup}}\\n\\","utility2-comment -->\\n\\","<div class=\"utility2FooterDiv\">\\n\\","    [ this app was created with\\n\\","    <a href=\"https://github.com/kaizhu256/node-utility2\" target=\"_blank\">utility2</a>\\n\\","    ]\\n\\","</div>\\n\\","</body>\\n\\","</html>\\n\\","';","        /* jslint-ignore-end */","        if (local.templateRender) {","            local.assetsDict['/'] = local.templateRender(","                local.assetsDict['/assets.index.template.html'],","                {","                    env: local.objectSetDefault(local.env, {","                        npm_package_description: 'the greatest app in the world!',","                        npm_package_name: 'my-app',","                        npm_package_nameAlias: 'my_app',","                        npm_package_version: '0.0.1'","                    })","                }","            );","        } else {","            local.assetsDict['/'] = local.assetsDict['/assets.index.template.html']","                .replace((/\\{\\{env\\.(\\w+?)\\}\\}/g), function (match0, match1) {","                    // jslint-hack","                    String(match0);","                    switch (match1) {","                    case 'npm_package_description':","                        return 'the greatest app in the world!';","                    case 'npm_package_name':","                        return 'my-app';","                    case 'npm_package_nameAlias':","                        return 'my_app';","                    case 'npm_package_version':","                        return '0.0.1';","                    }","                });","        }","        // run the cli","        if (local.global.utility2_rollup || module !== require.main) {","            break;","        }","        local.assetsDict['/assets.example.js'] =","            local.assetsDict['/assets.example.js'] ||","            local.fs.readFileSync(__filename, 'utf8');","        // bug-workaround - long $npm_package_buildCustomOrg","        /* jslint-ignore-begin */","        local.assetsDict['/assets.npmtest_github_flavored_markdown.rollup.js'] =","            local.assetsDict['/assets.npmtest_github_flavored_markdown.rollup.js'] ||","            local.fs.readFileSync(","                local.npmtest_github_flavored_markdown.__dirname + '/lib.npmtest_github_flavored_markdown.js',","                'utf8'","            ).replace((/^#!/), '//');","        /* jslint-ignore-end */","        local.assetsDict['/favicon.ico'] = local.assetsDict['/favicon.ico'] || '';","        // if $npm_config_timeout_exit exists,","        // then exit this process after $npm_config_timeout_exit ms","        if (Number(process.env.npm_config_timeout_exit)) {","            setTimeout(process.exit, Number(process.env.npm_config_timeout_exit));","        }","        // start server","        if (local.global.utility2_serverHttp1) {","            break;","        }","        process.env.PORT = process.env.PORT || '8081';","        console.error('server starting on port ' + process.env.PORT);","        local.http.createServer(function (request, response) {","            request.urlParsed = local.url.parse(request.url);","            if (local.assetsDict[request.urlParsed.pathname] !== undefined) {","                response.end(local.assetsDict[request.urlParsed.pathname]);","                return;","            }","            response.statusCode = 404;","            response.end();","        }).listen(process.env.PORT);","        break;","    }","}());",""],"l":{"26":2,"28":2,"33":2,"35":2,"37":2,"38":2,"39":2,"44":1,"51":2,"55":2,"59":2,"61":2,"69":1,"70":2,"76":2,"79":2,"82":2,"83":2,"85":1,"89":2,"92":1,"93":1,"94":1,"96":1,"97":1,"100":1,"101":1,"103":1,"106":1,"108":2,"114":1,"116":1,"118":1,"123":1,"124":2,"125":2,"126":3,"127":3,"128":3,"129":3,"130":1,"133":3,"134":3,"139":3,"143":1,"144":3,"145":1,"149":1,"150":1,"158":1,"160":1,"161":1,"162":1,"164":1,"166":1,"258":1,"259":1,"271":1,"274":6,"275":6,"277":1,"279":2,"281":1,"283":2,"288":1,"289":1,"291":1,"296":1,"303":1,"306":1,"307":1,"310":1,"311":1,"313":1,"314":1,"315":1,"316":1,"317":1,"318":1,"319":1,"321":1,"322":1,"324":1}},"/home/travis/build/npmtest/node-npmtest-github-flavored-markdown/node_modules/github-flavored-markdown/scripts/showdown.js":{"path":"/home/travis/build/npmtest/node-npmtest-github-flavored-markdown/node_modules/github-flavored-markdown/scripts/showdown.js","s":{"1":1,"2":1,"3":1,"4":1,"5":0,"6":0,"7":1,"8":1,"9":0,"10":0,"11":0,"12":0,"13":0,"14":0,"15":0,"16":0,"17":0,"18":0,"19":0,"20":0,"21":0,"22":0,"23":0,"24":0,"25":0,"26":0,"27":0,"28":0,"29":0,"30":0,"31":0,"32":0,"33":0,"34":0,"35":0,"36":0,"37":0,"38":0,"39":0,"40":0,"41":0,"42":0,"43":0,"44":0,"45":0,"46":0,"47":0,"48":0,"49":0,"50":0,"51":0,"52":0,"53":0,"54":0,"55":0,"56":0,"57":0,"58":0,"59":0,"60":0,"61":0,"62":0,"63":0,"64":0,"65":0,"66":0,"67":0,"68":0,"69":0,"70":0,"71":0,"72":0,"73":0,"74":0,"75":0,"76":0,"77":0,"78":0,"79":0,"80":0,"81":0,"82":0,"83":0,"84":0,"85":0,"86":0,"87":0,"88":0,"89":0,"90":0,"91":0,"92":0,"93":0,"94":0,"95":0,"96":0,"97":0,"98":0,"99":0,"100":0,"101":0,"102":0,"103":0,"104":0,"105":0,"106":0,"107":0,"108":0,"109":0,"110":0,"111":0,"112":0,"113":0,"114":0,"115":0,"116":0,"117":0,"118":0,"119":0,"120":0,"121":0,"122":0,"123":0,"124":0,"125":0,"126":0,"127":0,"128":0,"129":0,"130":0,"131":0,"132":0,"133":0,"134":0,"135":0,"136":0,"137":0,"138":0,"139":0,"140":0,"141":0,"142":0,"143":0,"144":0,"145":0,"146":0,"147":0,"148":0,"149":0,"150":0,"151":0,"152":0,"153":0,"154":0,"155":0,"156":0,"157":0,"158":0,"159":0,"160":0,"161":0,"162":0,"163":0,"164":0,"165":0,"166":0,"167":0,"168":0,"169":0,"170":0,"171":0,"172":0,"173":0,"174":0,"175":0,"176":0,"177":0,"178":0,"179":0,"180":0,"181":0,"182":0,"183":0,"184":0,"185":0,"186":0,"187":0,"188":0,"189":0,"190":0,"191":0,"192":0,"193":0,"194":0,"195":0,"196":0,"197":0,"198":0,"199":0,"200":0,"201":0,"202":0,"203":0,"204":0,"205":0,"206":0,"207":0,"208":0,"209":0,"210":0,"211":0,"212":0,"213":0,"214":0,"215":0,"216":0,"217":0,"218":0,"219":0,"220":0,"221":0,"222":0,"223":0,"224":0,"225":0,"226":0,"227":0,"228":0,"229":0,"230":0,"231":0,"232":0,"233":0,"234":0,"235":0,"236":0,"237":0,"238":0,"239":0,"240":0,"241":0,"242":0,"243":0,"244":0,"245":0,"246":0,"247":0,"248":0,"249":0,"250":0,"251":0,"252":0,"253":0,"254":0,"255":0,"256":0,"257":0,"258":0,"259":0,"260":0,"261":0,"262":0,"263":0,"264":0,"265":0,"266":0,"267":0,"268":0,"269":0,"270":0,"271":0,"272":0,"273":0,"274":0,"275":0,"276":0,"277":0,"278":0,"279":0,"280":0,"281":0,"282":0,"283":0,"284":0,"285":0,"286":0,"287":0,"288":0,"289":0,"290":0,"291":0,"292":0,"293":0,"294":0,"295":0,"296":0,"297":0,"298":0,"299":0,"300":0,"301":0,"302":0,"303":0,"304":0,"305":0,"306":0,"307":0,"308":0,"309":0,"310":0,"311":0,"312":0,"313":0,"314":0,"315":0,"316":0,"317":0,"318":0,"319":0,"320":0,"321":0,"322":0,"323":0,"324":0,"325":0,"326":0,"327":0,"328":0,"329":0,"330":0,"331":0,"332":0,"333":0,"334":0,"335":0,"336":0,"337":0,"338":0,"339":0,"340":1,"341":0,"342":0,"343":0,"344":0,"345":0,"346":0,"347":0,"348":0,"349":0,"350":0,"351":0,"352":0,"353":0,"354":0,"355":0,"356":0,"357":0,"358":0,"359":0,"360":0,"361":0,"362":0,"363":0,"364":0,"365":0,"366":0,"367":0,"368":0,"369":0,"370":0,"371":0,"372":0,"373":0,"374":0,"375":0,"376":0,"377":0,"378":0,"379":0,"380":0,"381":0,"382":0,"383":0,"384":0,"385":0,"386":0,"387":0,"388":0,"389":0},"b":{"1":[1,0],"2":[0,0],"3":[0,0],"4":[0,0],"5":[0,0],"6":[0,0],"7":[0,0],"8":[0,0],"9":[0,0,0],"10":[0,0],"11":[0,0],"12":[0,0],"13":[0,0],"14":[0,0,0],"15":[0,0],"16":[0,0],"17":[0,0],"18":[0,0,0,0],"19":[0,0],"20":[0,0],"21":[0,0],"22":[0,0],"23":[0,0,0],"24":[0,0],"25":[0,0],"26":[0,0],"27":[0,0],"28":[0,0],"29":[0,0],"30":[0,0],"31":[0,0],"32":[0,0],"33":[0,0],"34":[0,0],"35":[0,0],"36":[0,0],"37":[0,0],"38":[0,0],"39":[0,0],"40":[0,0],"41":[0,0],"42":[0,0],"43":[0,0],"44":[0,0],"45":[0,0],"46":[0,0],"47":[0,0],"48":[0,0],"49":[0,0]},"f":{"1":0,"2":0,"3":0,"4":0,"5":0,"6":0,"7":0,"8":0,"9":0,"10":0,"11":0,"12":0,"13":0,"14":0,"15":0,"16":0,"17":0,"18":0,"19":0,"20":0,"21":0,"22":0,"23":0,"24":0,"25":0,"26":0,"27":0,"28":0,"29":0,"30":0,"31":0,"32":0,"33":0,"34":0,"35":0,"36":0,"37":0,"38":0,"39":0,"40":0,"41":0,"42":0,"43":0,"44":0,"45":0,"46":0,"47":0,"48":0,"49":0,"50":0,"51":0,"52":0,"53":0,"54":0,"55":0,"56":0,"57":0,"58":0,"59":0,"60":0,"61":0,"62":0,"63":0},"fnMap":{"1":{"name":"(anonymous_1)","line":88,"loc":{"start":{"line":88,"column":19},"end":{"line":88,"column":37}}},"2":{"name":"(anonymous_2)","line":107,"loc":{"start":{"line":107,"column":21},"end":{"line":107,"column":32}}},"3":{"name":"(anonymous_3)","line":123,"loc":{"start":{"line":123,"column":16},"end":{"line":123,"column":35}}},"4":{"name":"(anonymous_4)","line":188,"loc":{"start":{"line":188,"column":73},"end":{"line":188,"column":104}}},"5":{"name":"(anonymous_5)","line":193,"loc":{"start":{"line":193,"column":70},"end":{"line":193,"column":90}}},"6":{"name":"(anonymous_6)","line":196,"loc":{"start":{"line":196,"column":40},"end":{"line":196,"column":71}}},"7":{"name":"(anonymous_7)","line":204,"loc":{"start":{"line":204,"column":60},"end":{"line":204,"column":104}}},"8":{"name":"(anonymous_8)","line":213,"loc":{"start":{"line":213,"column":77},"end":{"line":213,"column":106}}},"9":{"name":"(anonymous_9)","line":218,"loc":{"start":{"line":218,"column":37},"end":{"line":218,"column":74}}},"10":{"name":"(anonymous_10)","line":226,"loc":{"start":{"line":226,"column":54},"end":{"line":226,"column":100}}},"11":{"name":"(anonymous_11)","line":235,"loc":{"start":{"line":235,"column":71},"end":{"line":235,"column":102}}},"12":{"name":"(anonymous_12)","line":243,"loc":{"start":{"line":243,"column":19},"end":{"line":243,"column":30}}},"13":{"name":"(anonymous_13)","line":247,"loc":{"start":{"line":247,"column":28},"end":{"line":247,"column":43}}},"14":{"name":"(anonymous_14)","line":277,"loc":{"start":{"line":277,"column":2},"end":{"line":277,"column":36}}},"15":{"name":"(anonymous_15)","line":297,"loc":{"start":{"line":297,"column":22},"end":{"line":297,"column":37}}},"16":{"name":"(anonymous_16)","line":421,"loc":{"start":{"line":421,"column":18},"end":{"line":421,"column":42}}},"17":{"name":"(anonymous_17)","line":437,"loc":{"start":{"line":437,"column":21},"end":{"line":437,"column":36}}},"18":{"name":"(anonymous_18)","line":466,"loc":{"start":{"line":466,"column":20},"end":{"line":466,"column":35}}},"19":{"name":"(anonymous_19)","line":494,"loc":{"start":{"line":494,"column":45},"end":{"line":494,"column":60}}},"20":{"name":"(anonymous_20)","line":504,"loc":{"start":{"line":504,"column":28},"end":{"line":504,"column":49}}},"21":{"name":"(anonymous_21)","line":513,"loc":{"start":{"line":513,"column":17},"end":{"line":513,"column":32}}},"22":{"name":"(anonymous_22)","line":598,"loc":{"start":{"line":598,"column":21},"end":{"line":598,"column":63}}},"23":{"name":"(anonymous_23)","line":644,"loc":{"start":{"line":644,"column":16},"end":{"line":644,"column":31}}},"24":{"name":"(anonymous_24)","line":702,"loc":{"start":{"line":702,"column":20},"end":{"line":702,"column":62}}},"25":{"name":"(anonymous_25)","line":748,"loc":{"start":{"line":748,"column":17},"end":{"line":748,"column":32}}},"26":{"name":"(anonymous_26)","line":758,"loc":{"start":{"line":758,"column":2},"end":{"line":758,"column":25}}},"27":{"name":"(anonymous_27)","line":761,"loc":{"start":{"line":761,"column":2},"end":{"line":761,"column":25}}},"28":{"name":"(anonymous_28)","line":783,"loc":{"start":{"line":783,"column":2},"end":{"line":783,"column":29}}},"29":{"name":"(anonymous_29)","line":794,"loc":{"start":{"line":794,"column":15},"end":{"line":794,"column":30}}},"30":{"name":"(anonymous_30)","line":829,"loc":{"start":{"line":829,"column":33},"end":{"line":829,"column":60}}},"31":{"name":"(anonymous_31)","line":848,"loc":{"start":{"line":848,"column":33},"end":{"line":848,"column":63}}},"32":{"name":"(anonymous_32)","line":868,"loc":{"start":{"line":868,"column":20},"end":{"line":868,"column":39}}},"33":{"name":"(anonymous_33)","line":913,"loc":{"start":{"line":913,"column":2},"end":{"line":913,"column":34}}},"34":{"name":"(anonymous_34)","line":940,"loc":{"start":{"line":940,"column":20},"end":{"line":940,"column":35}}},"35":{"name":"(anonymous_35)","line":962,"loc":{"start":{"line":962,"column":2},"end":{"line":962,"column":29}}},"36":{"name":"(anonymous_36)","line":994,"loc":{"start":{"line":994,"column":21},"end":{"line":994,"column":36}}},"37":{"name":"(anonymous_37)","line":996,"loc":{"start":{"line":996,"column":2},"end":{"line":996,"column":28}}},"38":{"name":"(anonymous_38)","line":1005,"loc":{"start":{"line":1005,"column":16},"end":{"line":1005,"column":31}}},"39":{"name":"(anonymous_39)","line":1011,"loc":{"start":{"line":1011,"column":19},"end":{"line":1011,"column":34}}},"40":{"name":"(anonymous_40)","line":1051,"loc":{"start":{"line":1051,"column":2},"end":{"line":1051,"column":35}}},"41":{"name":"(anonymous_41)","line":1063,"loc":{"start":{"line":1063,"column":18},"end":{"line":1063,"column":33}}},"42":{"name":"(anonymous_42)","line":1094,"loc":{"start":{"line":1094,"column":24},"end":{"line":1094,"column":39}}},"43":{"name":"(anonymous_43)","line":1108,"loc":{"start":{"line":1108,"column":21},"end":{"line":1108,"column":36}}},"44":{"name":"(anonymous_44)","line":1124,"loc":{"start":{"line":1124,"column":2},"end":{"line":1124,"column":26}}},"45":{"name":"(anonymous_45)","line":1142,"loc":{"start":{"line":1142,"column":4},"end":{"line":1142,"column":28}}},"46":{"name":"(anonymous_46)","line":1156,"loc":{"start":{"line":1156,"column":22},"end":{"line":1156,"column":37}}},"47":{"name":"(anonymous_47)","line":1207,"loc":{"start":{"line":1207,"column":27},"end":{"line":1207,"column":42}}},"48":{"name":"(anonymous_48)","line":1221,"loc":{"start":{"line":1221,"column":30},"end":{"line":1221,"column":45}}},"49":{"name":"(anonymous_49)","line":1243,"loc":{"start":{"line":1243,"column":19},"end":{"line":1243,"column":34}}},"50":{"name":"(anonymous_50)","line":1262,"loc":{"start":{"line":1262,"column":2},"end":{"line":1262,"column":26}}},"51":{"name":"(anonymous_51)","line":1271,"loc":{"start":{"line":1271,"column":26},"end":{"line":1271,"column":41}}},"52":{"name":"char2hex","line":1288,"loc":{"start":{"line":1288,"column":1},"end":{"line":1288,"column":23}}},"53":{"name":"(anonymous_53)","line":1295,"loc":{"start":{"line":1295,"column":2},"end":{"line":1295,"column":14}}},"54":{"name":"(anonymous_54)","line":1296,"loc":{"start":{"line":1296,"column":2},"end":{"line":1296,"column":14}}},"55":{"name":"(anonymous_55)","line":1297,"loc":{"start":{"line":1297,"column":2},"end":{"line":1297,"column":14}}},"56":{"name":"(anonymous_56)","line":1302,"loc":{"start":{"line":1302,"column":27},"end":{"line":1302,"column":40}}},"57":{"name":"(anonymous_57)","line":1326,"loc":{"start":{"line":1326,"column":28},"end":{"line":1326,"column":43}}},"58":{"name":"(anonymous_58)","line":1331,"loc":{"start":{"line":1331,"column":2},"end":{"line":1331,"column":26}}},"59":{"name":"(anonymous_59)","line":1340,"loc":{"start":{"line":1340,"column":15},"end":{"line":1340,"column":30}}},"60":{"name":"(anonymous_60)","line":1356,"loc":{"start":{"line":1356,"column":13},"end":{"line":1356,"column":28}}},"61":{"name":"(anonymous_61)","line":1369,"loc":{"start":{"line":1369,"column":2},"end":{"line":1369,"column":29}}},"62":{"name":"(anonymous_62)","line":1393,"loc":{"start":{"line":1393,"column":23},"end":{"line":1393,"column":69}}},"63":{"name":"(anonymous_63)","line":1409,"loc":{"start":{"line":1409,"column":32},"end":{"line":1409,"column":56}}}},"statementMap":{"1":{"start":{"line":80,"column":0},"end":{"line":80,"column":18}},"2":{"start":{"line":85,"column":0},"end":{"line":92,"column":1}},"3":{"start":{"line":86,"column":2},"end":{"line":86,"column":21}},"4":{"start":{"line":88,"column":2},"end":{"line":91,"column":4}},"5":{"start":{"line":89,"column":4},"end":{"line":89,"column":45}},"6":{"start":{"line":90,"column":4},"end":{"line":90,"column":38}},"7":{"start":{"line":99,"column":0},"end":{"line":99,"column":11}},"8":{"start":{"line":107,"column":0},"end":{"line":1414,"column":1}},"9":{"start":{"line":114,"column":0},"end":{"line":114,"column":11}},"10":{"start":{"line":115,"column":0},"end":{"line":115,"column":13}},"11":{"start":{"line":116,"column":0},"end":{"line":116,"column":18}},"12":{"start":{"line":120,"column":0},"end":{"line":120,"column":21}},"13":{"start":{"line":123,"column":0},"end":{"line":240,"column":1}},"14":{"start":{"line":124,"column":2},"end":{"line":127,"column":3}},"15":{"start":{"line":125,"column":4},"end":{"line":125,"column":56}},"16":{"start":{"line":125,"column":32},"end":{"line":125,"column":56}},"17":{"start":{"line":126,"column":4},"end":{"line":126,"column":16}},"18":{"start":{"line":140,"column":1},"end":{"line":140,"column":22}},"19":{"start":{"line":141,"column":1},"end":{"line":141,"column":24}},"20":{"start":{"line":142,"column":1},"end":{"line":142,"column":29}},"21":{"start":{"line":148,"column":1},"end":{"line":148,"column":32}},"22":{"start":{"line":153,"column":1},"end":{"line":153,"column":33}},"23":{"start":{"line":156,"column":1},"end":{"line":156,"column":35}},"24":{"start":{"line":157,"column":1},"end":{"line":157,"column":33}},"25":{"start":{"line":160,"column":1},"end":{"line":160,"column":31}},"26":{"start":{"line":163,"column":1},"end":{"line":163,"column":21}},"27":{"start":{"line":169,"column":1},"end":{"line":169,"column":38}},"28":{"start":{"line":172,"column":1},"end":{"line":172,"column":30}},"29":{"start":{"line":175,"column":1},"end":{"line":175,"column":36}},"30":{"start":{"line":177,"column":1},"end":{"line":177,"column":29}},"31":{"start":{"line":179,"column":1},"end":{"line":179,"column":36}},"32":{"start":{"line":182,"column":1},"end":{"line":182,"column":33}},"33":{"start":{"line":185,"column":1},"end":{"line":185,"column":32}},"34":{"start":{"line":188,"column":2},"end":{"line":192,"column":5}},"35":{"start":{"line":189,"column":4},"end":{"line":189,"column":72}},"36":{"start":{"line":190,"column":4},"end":{"line":190,"column":76}},"37":{"start":{"line":190,"column":58},"end":{"line":190,"column":75}},"38":{"start":{"line":191,"column":4},"end":{"line":191,"column":65}},"39":{"start":{"line":193,"column":2},"end":{"line":193,"column":162}},"40":{"start":{"line":193,"column":91},"end":{"line":193,"column":159}},"41":{"start":{"line":196,"column":2},"end":{"line":201,"column":5}},"42":{"start":{"line":197,"column":4},"end":{"line":197,"column":106}},"43":{"start":{"line":197,"column":87},"end":{"line":197,"column":105}},"44":{"start":{"line":198,"column":4},"end":{"line":198,"column":72}},"45":{"start":{"line":199,"column":4},"end":{"line":199,"column":99}},"46":{"start":{"line":199,"column":80},"end":{"line":199,"column":98}},"47":{"start":{"line":200,"column":4},"end":{"line":200,"column":134}},"48":{"start":{"line":204,"column":2},"end":{"line":210,"column":5}},"49":{"start":{"line":205,"column":4},"end":{"line":205,"column":106}},"50":{"start":{"line":205,"column":87},"end":{"line":205,"column":105}},"51":{"start":{"line":206,"column":4},"end":{"line":206,"column":55}},"52":{"start":{"line":207,"column":4},"end":{"line":207,"column":72}},"53":{"start":{"line":208,"column":4},"end":{"line":208,"column":100}},"54":{"start":{"line":208,"column":81},"end":{"line":208,"column":99}},"55":{"start":{"line":209,"column":4},"end":{"line":209,"column":149}},"56":{"start":{"line":213,"column":2},"end":{"line":215,"column":5}},"57":{"start":{"line":214,"column":4},"end":{"line":214,"column":117}},"58":{"start":{"line":218,"column":2},"end":{"line":223,"column":5}},"59":{"start":{"line":219,"column":4},"end":{"line":219,"column":106}},"60":{"start":{"line":219,"column":87},"end":{"line":219,"column":105}},"61":{"start":{"line":220,"column":4},"end":{"line":220,"column":72}},"62":{"start":{"line":221,"column":4},"end":{"line":221,"column":126}},"63":{"start":{"line":221,"column":107},"end":{"line":221,"column":125}},"64":{"start":{"line":222,"column":4},"end":{"line":222,"column":121}},"65":{"start":{"line":226,"column":2},"end":{"line":232,"column":5}},"66":{"start":{"line":227,"column":4},"end":{"line":227,"column":106}},"67":{"start":{"line":227,"column":87},"end":{"line":227,"column":105}},"68":{"start":{"line":228,"column":4},"end":{"line":228,"column":55}},"69":{"start":{"line":229,"column":4},"end":{"line":229,"column":72}},"70":{"start":{"line":230,"column":4},"end":{"line":230,"column":100}},"71":{"start":{"line":230,"column":81},"end":{"line":230,"column":99}},"72":{"start":{"line":231,"column":4},"end":{"line":231,"column":133}},"73":{"start":{"line":235,"column":2},"end":{"line":237,"column":5}},"74":{"start":{"line":236,"column":4},"end":{"line":236,"column":105}},"75":{"start":{"line":239,"column":1},"end":{"line":239,"column":13}},"76":{"start":{"line":243,"column":0},"end":{"line":245,"column":1}},"77":{"start":{"line":244,"column":2},"end":{"line":244,"column":52}},"78":{"start":{"line":247,"column":0},"end":{"line":294,"column":1}},"79":{"start":{"line":276,"column":1},"end":{"line":291,"column":3}},"80":{"start":{"line":278,"column":3},"end":{"line":278,"column":25}},"81":{"start":{"line":279,"column":3},"end":{"line":279,"column":41}},"82":{"start":{"line":280,"column":3},"end":{"line":286,"column":4}},"83":{"start":{"line":283,"column":4},"end":{"line":283,"column":17}},"84":{"start":{"line":284,"column":10},"end":{"line":286,"column":4}},"85":{"start":{"line":285,"column":4},"end":{"line":285,"column":45}},"86":{"start":{"line":289,"column":3},"end":{"line":289,"column":13}},"87":{"start":{"line":293,"column":1},"end":{"line":293,"column":13}},"88":{"start":{"line":297,"column":0},"end":{"line":419,"column":1}},"89":{"start":{"line":299,"column":1},"end":{"line":299,"column":35}},"90":{"start":{"line":307,"column":1},"end":{"line":307,"column":114}},"91":{"start":{"line":308,"column":1},"end":{"line":308,"column":106}},"92":{"start":{"line":337,"column":1},"end":{"line":337,"column":167}},"93":{"start":{"line":357,"column":1},"end":{"line":357,"column":161}},"94":{"start":{"line":376,"column":1},"end":{"line":376,"column":88}},"95":{"start":{"line":393,"column":1},"end":{"line":393,"column":88}},"96":{"start":{"line":414,"column":1},"end":{"line":414,"column":93}},"97":{"start":{"line":417,"column":1},"end":{"line":417,"column":35}},"98":{"start":{"line":418,"column":1},"end":{"line":418,"column":13}},"99":{"start":{"line":421,"column":0},"end":{"line":435,"column":2}},"100":{"start":{"line":422,"column":1},"end":{"line":422,"column":20}},"101":{"start":{"line":425,"column":1},"end":{"line":425,"column":45}},"102":{"start":{"line":426,"column":1},"end":{"line":426,"column":41}},"103":{"start":{"line":429,"column":1},"end":{"line":429,"column":43}},"104":{"start":{"line":432,"column":1},"end":{"line":432,"column":68}},"105":{"start":{"line":434,"column":1},"end":{"line":434,"column":18}},"106":{"start":{"line":437,"column":0},"end":{"line":463,"column":1}},"107":{"start":{"line":442,"column":1},"end":{"line":442,"column":25}},"108":{"start":{"line":445,"column":1},"end":{"line":445,"column":31}},"109":{"start":{"line":446,"column":1},"end":{"line":446,"column":63}},"110":{"start":{"line":447,"column":1},"end":{"line":447,"column":63}},"111":{"start":{"line":448,"column":1},"end":{"line":448,"column":63}},"112":{"start":{"line":450,"column":1},"end":{"line":450,"column":23}},"113":{"start":{"line":451,"column":1},"end":{"line":451,"column":29}},"114":{"start":{"line":452,"column":1},"end":{"line":452,"column":28}},"115":{"start":{"line":453,"column":1},"end":{"line":453,"column":29}},"116":{"start":{"line":459,"column":1},"end":{"line":459,"column":30}},"117":{"start":{"line":460,"column":1},"end":{"line":460,"column":30}},"118":{"start":{"line":462,"column":1},"end":{"line":462,"column":13}},"119":{"start":{"line":466,"column":0},"end":{"line":492,"column":1}},"120":{"start":{"line":472,"column":1},"end":{"line":472,"column":27}},"121":{"start":{"line":473,"column":1},"end":{"line":473,"column":53}},"122":{"start":{"line":474,"column":1},"end":{"line":474,"column":38}},"123":{"start":{"line":478,"column":1},"end":{"line":478,"column":24}},"124":{"start":{"line":479,"column":1},"end":{"line":479,"column":25}},"125":{"start":{"line":484,"column":1},"end":{"line":484,"column":27}},"126":{"start":{"line":485,"column":1},"end":{"line":485,"column":35}},"127":{"start":{"line":486,"column":1},"end":{"line":486,"column":32}},"128":{"start":{"line":489,"column":1},"end":{"line":489,"column":43}},"129":{"start":{"line":491,"column":1},"end":{"line":491,"column":13}},"130":{"start":{"line":494,"column":0},"end":{"line":511,"column":1}},"131":{"start":{"line":502,"column":1},"end":{"line":502,"column":73}},"132":{"start":{"line":504,"column":1},"end":{"line":508,"column":4}},"133":{"start":{"line":505,"column":2},"end":{"line":505,"column":59}},"134":{"start":{"line":506,"column":2},"end":{"line":506,"column":38}},"135":{"start":{"line":507,"column":2},"end":{"line":507,"column":13}},"136":{"start":{"line":510,"column":1},"end":{"line":510,"column":13}},"137":{"start":{"line":513,"column":0},"end":{"line":596,"column":1}},"138":{"start":{"line":543,"column":1},"end":{"line":543,"column":104}},"139":{"start":{"line":576,"column":1},"end":{"line":576,"column":121}},"140":{"start":{"line":593,"column":1},"end":{"line":593,"column":68}},"141":{"start":{"line":595,"column":1},"end":{"line":595,"column":13}},"142":{"start":{"line":598,"column":0},"end":{"line":641,"column":1}},"143":{"start":{"line":599,"column":1},"end":{"line":599,"column":30}},"144":{"start":{"line":599,"column":22},"end":{"line":599,"column":30}},"145":{"start":{"line":600,"column":1},"end":{"line":600,"column":22}},"146":{"start":{"line":601,"column":1},"end":{"line":601,"column":22}},"147":{"start":{"line":602,"column":1},"end":{"line":602,"column":33}},"148":{"start":{"line":603,"column":1},"end":{"line":603,"column":15}},"149":{"start":{"line":604,"column":1},"end":{"line":604,"column":16}},"150":{"start":{"line":606,"column":1},"end":{"line":627,"column":2}},"151":{"start":{"line":607,"column":2},"end":{"line":610,"column":3}},"152":{"start":{"line":609,"column":3},"end":{"line":609,"column":58}},"153":{"start":{"line":611,"column":2},"end":{"line":611,"column":20}},"154":{"start":{"line":613,"column":2},"end":{"line":626,"column":3}},"155":{"start":{"line":614,"column":3},"end":{"line":614,"column":25}},"156":{"start":{"line":615,"column":3},"end":{"line":617,"column":4}},"157":{"start":{"line":616,"column":4},"end":{"line":616,"column":30}},"158":{"start":{"line":620,"column":3},"end":{"line":625,"column":4}},"159":{"start":{"line":622,"column":4},"end":{"line":622,"column":13}},"160":{"start":{"line":624,"column":4},"end":{"line":624,"column":23}},"161":{"start":{"line":629,"column":1},"end":{"line":629,"column":34}},"162":{"start":{"line":630,"column":1},"end":{"line":630,"column":40}},"163":{"start":{"line":632,"column":1},"end":{"line":636,"column":2}},"164":{"start":{"line":633,"column":2},"end":{"line":633,"column":39}},"165":{"start":{"line":634,"column":2},"end":{"line":634,"column":39}},"166":{"start":{"line":635,"column":2},"end":{"line":635,"column":40}},"167":{"start":{"line":638,"column":1},"end":{"line":638,"column":36}},"168":{"start":{"line":640,"column":1},"end":{"line":640,"column":15}},"169":{"start":{"line":644,"column":0},"end":{"line":700,"column":1}},"170":{"start":{"line":669,"column":1},"end":{"line":669,"column":84}},"171":{"start":{"line":697,"column":1},"end":{"line":697,"column":105}},"172":{"start":{"line":699,"column":1},"end":{"line":699,"column":13}},"173":{"start":{"line":702,"column":0},"end":{"line":745,"column":1}},"174":{"start":{"line":703,"column":1},"end":{"line":703,"column":22}},"175":{"start":{"line":704,"column":1},"end":{"line":704,"column":21}},"176":{"start":{"line":705,"column":1},"end":{"line":705,"column":33}},"177":{"start":{"line":706,"column":1},"end":{"line":706,"column":15}},"178":{"start":{"line":707,"column":1},"end":{"line":707,"column":16}},"179":{"start":{"line":709,"column":1},"end":{"line":709,"column":24}},"180":{"start":{"line":709,"column":13},"end":{"line":709,"column":24}},"181":{"start":{"line":711,"column":1},"end":{"line":727,"column":2}},"182":{"start":{"line":712,"column":2},"end":{"line":715,"column":3}},"183":{"start":{"line":714,"column":3},"end":{"line":714,"column":57}},"184":{"start":{"line":716,"column":2},"end":{"line":716,"column":20}},"185":{"start":{"line":718,"column":2},"end":{"line":726,"column":3}},"186":{"start":{"line":719,"column":3},"end":{"line":719,"column":25}},"187":{"start":{"line":720,"column":3},"end":{"line":722,"column":4}},"188":{"start":{"line":721,"column":4},"end":{"line":721,"column":30}},"189":{"start":{"line":725,"column":3},"end":{"line":725,"column":22}},"190":{"start":{"line":729,"column":1},"end":{"line":729,"column":44}},"191":{"start":{"line":730,"column":1},"end":{"line":730,"column":34}},"192":{"start":{"line":731,"column":1},"end":{"line":731,"column":66}},"193":{"start":{"line":737,"column":2},"end":{"line":737,"column":39}},"194":{"start":{"line":738,"column":2},"end":{"line":738,"column":39}},"195":{"start":{"line":739,"column":2},"end":{"line":739,"column":40}},"196":{"start":{"line":742,"column":1},"end":{"line":742,"column":17}},"197":{"start":{"line":744,"column":1},"end":{"line":744,"column":15}},"198":{"start":{"line":748,"column":0},"end":{"line":789,"column":1}},"199":{"start":{"line":757,"column":1},"end":{"line":758,"column":84}},"200":{"start":{"line":758,"column":26},"end":{"line":758,"column":81}},"201":{"start":{"line":760,"column":1},"end":{"line":761,"column":84}},"202":{"start":{"line":761,"column":26},"end":{"line":761,"column":81}},"203":{"start":{"line":782,"column":1},"end":{"line":786,"column":5}},"204":{"start":{"line":784,"column":3},"end":{"line":784,"column":27}},"205":{"start":{"line":785,"column":3},"end":{"line":785,"column":86}},"206":{"start":{"line":788,"column":1},"end":{"line":788,"column":13}},"207":{"start":{"line":792,"column":0},"end":{"line":792,"column":22}},"208":{"start":{"line":794,"column":0},"end":{"line":866,"column":1}},"209":{"start":{"line":801,"column":1},"end":{"line":801,"column":14}},"210":{"start":{"line":826,"column":1},"end":{"line":826,"column":112}},"211":{"start":{"line":828,"column":1},"end":{"line":860,"column":2}},"212":{"start":{"line":829,"column":2},"end":{"line":845,"column":5}},"213":{"start":{"line":830,"column":3},"end":{"line":830,"column":17}},"214":{"start":{"line":831,"column":3},"end":{"line":831,"column":58}},"215":{"start":{"line":835,"column":3},"end":{"line":835,"column":43}},"216":{"start":{"line":836,"column":3},"end":{"line":836,"column":40}},"217":{"start":{"line":842,"column":3},"end":{"line":842,"column":38}},"218":{"start":{"line":843,"column":3},"end":{"line":843,"column":62}},"219":{"start":{"line":844,"column":3},"end":{"line":844,"column":17}},"220":{"start":{"line":847,"column":2},"end":{"line":847,"column":118}},"221":{"start":{"line":848,"column":2},"end":{"line":859,"column":5}},"222":{"start":{"line":849,"column":3},"end":{"line":849,"column":18}},"223":{"start":{"line":850,"column":3},"end":{"line":850,"column":17}},"224":{"start":{"line":852,"column":3},"end":{"line":852,"column":58}},"225":{"start":{"line":855,"column":3},"end":{"line":855,"column":47}},"226":{"start":{"line":856,"column":3},"end":{"line":856,"column":40}},"227":{"start":{"line":857,"column":3},"end":{"line":857,"column":72}},"228":{"start":{"line":858,"column":3},"end":{"line":858,"column":17}},"229":{"start":{"line":863,"column":1},"end":{"line":863,"column":30}},"230":{"start":{"line":865,"column":1},"end":{"line":865,"column":13}},"231":{"start":{"line":868,"column":0},"end":{"line":937,"column":1}},"232":{"start":{"line":894,"column":1},"end":{"line":894,"column":16}},"233":{"start":{"line":897,"column":1},"end":{"line":897,"column":45}},"234":{"start":{"line":900,"column":1},"end":{"line":900,"column":18}},"235":{"start":{"line":912,"column":1},"end":{"line":930,"column":3}},"236":{"start":{"line":914,"column":3},"end":{"line":914,"column":17}},"237":{"start":{"line":915,"column":3},"end":{"line":915,"column":25}},"238":{"start":{"line":916,"column":3},"end":{"line":916,"column":26}},"239":{"start":{"line":918,"column":3},"end":{"line":926,"column":4}},"240":{"start":{"line":919,"column":4},"end":{"line":919,"column":42}},"241":{"start":{"line":923,"column":4},"end":{"line":923,"column":36}},"242":{"start":{"line":924,"column":4},"end":{"line":924,"column":34}},"243":{"start":{"line":925,"column":4},"end":{"line":925,"column":31}},"244":{"start":{"line":928,"column":3},"end":{"line":928,"column":37}},"245":{"start":{"line":933,"column":1},"end":{"line":933,"column":39}},"246":{"start":{"line":935,"column":1},"end":{"line":935,"column":16}},"247":{"start":{"line":936,"column":1},"end":{"line":936,"column":17}},"248":{"start":{"line":940,"column":0},"end":{"line":981,"column":1}},"249":{"start":{"line":959,"column":1},"end":{"line":959,"column":14}},"250":{"start":{"line":961,"column":1},"end":{"line":975,"column":3}},"251":{"start":{"line":963,"column":3},"end":{"line":963,"column":22}},"252":{"start":{"line":964,"column":3},"end":{"line":964,"column":21}},"253":{"start":{"line":966,"column":3},"end":{"line":966,"column":49}},"254":{"start":{"line":967,"column":3},"end":{"line":967,"column":33}},"255":{"start":{"line":968,"column":3},"end":{"line":968,"column":45}},"256":{"start":{"line":969,"column":3},"end":{"line":969,"column":45}},"257":{"start":{"line":971,"column":3},"end":{"line":971,"column":61}},"258":{"start":{"line":973,"co
[...]
ading_space = m2;","","\t\t\tif (leading_line || (item.search(/\\n{2,}/)>-1)) {","\t\t\t\titem = _RunBlockGamut(_Outdent(item));","\t\t\t}","\t\t\telse {","\t\t\t\t// Recursion for sub-lists:","\t\t\t\titem = _DoLists(_Outdent(item));","\t\t\t\titem = item.replace(/\\n$/,\"\"); // chomp(item)","\t\t\t\titem = _RunSpanGamut(item);","\t\t\t}","","\t\t\treturn  \"<li>\" + item + \"</li>\\n\";","\t\t}","\t);","","\t// attacklab: strip sentinel","\tlist_str = list_str.replace(/~0/g,\"\");","","\tg_list_level--;","\treturn list_str;","}","","","var _DoCodeBlocks = function(text) {","//","//  Process Markdown `<pre><code>` blocks.","//","","\t/*","\t\ttext = text.replace(text,","\t\t\t/(?:\\n\\n|^)","\t\t\t(\t\t\t\t\t\t\t\t// $1 = the code block -- one or more lines, starting with a space/tab","\t\t\t\t(?:","\t\t\t\t\t(?:[ ]{4}|\\t)\t\t\t// Lines must start with a tab or a tab-width of spaces - attacklab: g_tab_width","\t\t\t\t\t.*\\n+","\t\t\t\t)+","\t\t\t)","\t\t\t(\\n*[ ]{0,3}[^ \\t\\n]|(?=~0))\t// attacklab: g_tab_width","\t\t/g,function(){...});","\t*/","","\t// attacklab: sentinel workarounds for lack of \\A and \\Z, safari\\khtml bug","\ttext += \"~0\";","","\ttext = text.replace(/(?:\\n\\n|^)((?:(?:[ ]{4}|\\t).*\\n+)+)(\\n*[ ]{0,3}[^ \\t\\n]|(?=~0))/g,","\t\tfunction(wholeMatch,m1,m2) {","\t\t\tvar codeblock = m1;","\t\t\tvar nextChar = m2;","","\t\t\tcodeblock = _EncodeCode( _Outdent(codeblock));","\t\t\tcodeblock = _Detab(codeblock);","\t\t\tcodeblock = codeblock.replace(/^\\n+/g,\"\"); // trim leading newlines","\t\t\tcodeblock = codeblock.replace(/\\n+$/g,\"\"); // trim trailing whitespace","","\t\t\tcodeblock = \"<pre><code>\" + codeblock + \"\\n</code></pre>\";","","\t\t\treturn hashBlock(codeblock) + nextChar;","\t\t}","\t);","","\t// attacklab: strip sentinel","\ttext = text.replace(/~0/,\"\");","","\treturn text;","}","","//","// Code Fencing is a GitHub flavored MD concept. Basically you can wrap","// your code like this:","// ","// ```{language}","// {code}","// ```","// ","// Where {language} is the language of the code (useful for coloring code)","// and {code} is your code","// ","var _DoCodeFencing = function(text) {","\ttext = text.replace(/`{3}(?:(.*$)\\n)?([\\s\\S]*?)`{3}/gm,","\t\tfunction(wholeMatch,m1,m2){","\t\t\t//HTML for this is copied from GitHub directly for compatibility, except the lang=\"\" attribute","\t\t\tvar codeblock = '<div class=\"highlight\"><pre lang=\"'+m1+'\">'+m2+'</pre></div>';","\t\t\treturn codeblock;","\t\t}","\t)","\treturn text;","}","","var hashBlock = function(text) {","\ttext = text.replace(/(^\\n+|\\n+$)/g,\"\");","\treturn \"\\n\\n~K\" + (g_html_blocks.push(text)-1) + \"K\\n\\n\";","}","","","var _DoCodeSpans = function(text) {","//","//   *  Backtick quotes are used for <code></code> spans.","//","//   *  You can use multiple backticks as the delimiters if you want to","//\t include literal backticks in the code span. So, this input:","//","//\t\t Just type ``foo `bar` baz`` at the prompt.","//","//\t   Will translate to:","//","//\t\t <p>Just type <code>foo `bar` baz</code> at the prompt.</p>","//","//\tThere's no arbitrary limit to the number of backticks you","//\tcan use as delimters. If you need three consecutive backticks","//\tin your code, use four for delimiters, etc.","//","//  *  You can use spaces to get literal backticks at the edges:","//","//\t\t ... type `` `bar` `` ...","//","//\t   Turns to:","//","//\t\t ... type <code>`bar`</code> ...","//","","\t/*","\t\ttext = text.replace(/","\t\t\t(^|[^\\\\])\t\t\t\t\t// Character before opening ` can't be a backslash","\t\t\t(`+)\t\t\t\t\t\t// $2 = Opening run of `","\t\t\t(\t\t\t\t\t\t\t// $3 = The code block","\t\t\t\t[^\\r]*?","\t\t\t\t[^`]\t\t\t\t\t// attacklab: work around lack of lookbehind","\t\t\t)","\t\t\t\\2\t\t\t\t\t\t\t// Matching closer","\t\t\t(?!`)","\t\t/gm, function(){...});","\t*/","","\ttext = text.replace(/(^|[^\\\\])(`+)([^\\r]*?[^`])\\2(?!`)/gm,","\t\tfunction(wholeMatch,m1,m2,m3,m4) {","\t\t\tvar c = m3;","\t\t\tc = c.replace(/^([ \\t]*)/g,\"\");\t// leading whitespace","\t\t\tc = c.replace(/[ \\t]*$/g,\"\");\t// trailing whitespace","\t\t\tc = _EncodeCode(c);","\t\t\treturn m1+\"<code>\"+c+\"</code>\";","\t\t});","","\treturn text;","}","","","var _EncodeCode = function(text) {","//","// Encode/escape certain characters inside Markdown code runs.","// The point is that in code, these characters are literals,","// and lose their special Markdown meanings.","//","\t// Encode all ampersands; HTML entities are not","\t// entities within a Markdown code span.","\ttext = text.replace(/&/g,\"&amp;\");","","\t// Do the angle bracket song and dance:","\ttext = text.replace(/</g,\"&lt;\");","\ttext = text.replace(/>/g,\"&gt;\");","","\t// Now, escape characters that are magic in Markdown:","\ttext = escapeCharacters(text,\"\\*_{}[]\\\\\",false);","","// jj the line above breaks this:","//---","","//* Item","","//   1. Subitem","","//            special char: *","//---","","\treturn text;","}","","","var _DoItalicsAndBold = function(text) {","","\t// <strong> must go first:","\ttext = text.replace(/(\\*\\*|__)(?=\\S)([^\\r]*?\\S[*_]*)\\1/g,","\t\t\"<strong>$2</strong>\");","","\ttext = text.replace(/(\\w)_(\\w)/g, \"$1~E95E$2\") // ** GFM **  \"~E95E\" == escaped \"_\"","\ttext = text.replace(/(\\*|_)(?=\\S)([^\\r]*?\\S)\\1/g,","\t\t\"<em>$2</em>\");","","\treturn text;","}","","","var _DoBlockQuotes = function(text) {","","\t/*","\t\ttext = text.replace(/","\t\t(\t\t\t\t\t\t\t\t// Wrap whole match in $1","\t\t\t(","\t\t\t\t^[ \\t]*>[ \\t]?\t\t\t// '>' at the start of a line","\t\t\t\t.+\\n\t\t\t\t\t// rest of the first line","\t\t\t\t(.+\\n)*\t\t\t\t\t// subsequent consecutive lines","\t\t\t\t\\n*\t\t\t\t\t\t// blanks","\t\t\t)+","\t\t)","\t\t/gm, function(){...});","\t*/","","\ttext = text.replace(/((^[ \\t]*>[ \\t]?.+\\n(.+\\n)*\\n*)+)/gm,","\t\tfunction(wholeMatch,m1) {","\t\t\tvar bq = m1;","","\t\t\t// attacklab: hack around Konqueror 3.5.4 bug:","\t\t\t// \"----------bug\".replace(/^-/g,\"\") == \"bug\"","","\t\t\tbq = bq.replace(/^[ \\t]*>[ \\t]?/gm,\"~0\");\t// trim one level of quoting","","\t\t\t// attacklab: clean up hack","\t\t\tbq = bq.replace(/~0/g,\"\");","","\t\t\tbq = bq.replace(/^[ \\t]+$/gm,\"\");\t\t// trim whitespace-only lines","\t\t\tbq = _RunBlockGamut(bq);\t\t\t\t// recurse","","\t\t\tbq = bq.replace(/(^|\\n)/g,\"$1  \");","\t\t\t// These leading spaces screw with <pre> content, so we need to fix that:","\t\t\tbq = bq.replace(","\t\t\t\t\t/(\\s*<pre>[^\\r]+?<\\/pre>)/gm,","\t\t\t\tfunction(wholeMatch,m1) {","\t\t\t\t\tvar pre = m1;","\t\t\t\t\t// attacklab: hack around Konqueror 3.5.4 bug:","\t\t\t\t\tpre = pre.replace(/^  /mg,\"~0\");","\t\t\t\t\tpre = pre.replace(/~0/g,\"\");","\t\t\t\t\treturn pre;","\t\t\t\t});","","\t\t\treturn hashBlock(\"<blockquote>\\n\" + bq + \"\\n</blockquote>\");","\t\t});","\treturn text;","}","","","var _FormParagraphs = function(text) {","//","//  Params:","//    $text - string to process with html <p> tags","//","","\t// Strip leading and trailing lines:","\ttext = text.replace(/^\\n+/g,\"\");","\ttext = text.replace(/\\n+$/g,\"\");","","\tvar grafs = text.split(/\\n{2,}/g);","\tvar grafsOut = new Array();","","\t//","\t// Wrap <p> tags.","\t//","\tvar end = grafs.length;","\tfor (var i=0; i<end; i++) {","\t\tvar str = grafs[i];","","\t\t// if this is an HTML marker, copy it","\t\tif (str.search(/~K(\\d+)K/g) >= 0) {","\t\t\tgrafsOut.push(str);","\t\t}","\t\telse if (str.search(/\\S/) >= 0) {","\t\t\tstr = _RunSpanGamut(str);","\t\t\tstr = str.replace(/\\n/g,\"<br />\");  // ** GFM **","\t\t\tstr = str.replace(/^([ \\t]*)/g,\"<p>\");","\t\t\tstr += \"</p>\"","\t\t\tgrafsOut.push(str);","\t\t}","","\t}","","\t//","\t// Unhashify HTML blocks","\t//","\tend = grafsOut.length;","\tfor (var i=0; i<end; i++) {","\t\t// if this is a marker for an html block...","\t\twhile (grafsOut[i].search(/~K(\\d+)K/) >= 0) {","\t\t\tvar blockText = g_html_blocks[RegExp.$1];","\t\t\tblockText = blockText.replace(/\\$/g,\"$$$$\"); // Escape any dollar signs","\t\t\tgrafsOut[i] = grafsOut[i].replace(/~K\\d+K/,blockText);","\t\t}","\t}","","\treturn grafsOut.join(\"\\n\\n\");","}","","","var _EncodeAmpsAndAngles = function(text) {","// Smart processing for ampersands and angle brackets that need to be encoded.","","\t// Ampersand-encoding based entirely on Nat Irons's Amputator MT plugin:","\t//   http://bumppo.net/projects/amputator/","\ttext = text.replace(/&(?!#?[xX]?(?:[0-9a-fA-F]+|\\w+);)/g,\"&amp;\");","","\t// Encode naked <'s","\ttext = text.replace(/<(?![a-z\\/?\\$!])/gi,\"&lt;\");","","\treturn text;","}","","","var _EncodeBackslashEscapes = function(text) {","//","//   Parameter:  String.","//   Returns:\tThe string, with after processing the following backslash","//\t\t\t   escape sequences.","//","","\t// attacklab: The polite way to do this is with the new","\t// escapeCharacters() function:","\t//","\t// \ttext = escapeCharacters(text,\"\\\\\",true);","\t// \ttext = escapeCharacters(text,\"`*_{}[]()>#+-.!\",true);","\t//","\t// ...but we're sidestepping its use of the (slow) RegExp constructor","\t// as an optimization for Firefox.  This function gets called a LOT.","","\ttext = text.replace(/\\\\(\\\\)/g,escapeCharacters_callback);","\ttext = text.replace(/\\\\([`*_{}\\[\\]()>#+-.!])/g,escapeCharacters_callback);","\treturn text;","}","","","var _DoAutoLinks = function(text) {","","\ttext = text.replace(/<((https?|ftp|dict):[^'\">\\s]+)>/gi,\"<a href=\\\"$1\\\">$1</a>\");","","\t// Email addresses: <address@domain.foo>","","\t/*","\t\ttext = text.replace(/","\t\t\t<","\t\t\t(?:mailto:)?","\t\t\t(","\t\t\t\t[-.\\w]+","\t\t\t\t\\@","\t\t\t\t[-a-z0-9]+(\\.[-a-z0-9]+)*\\.[a-z]+","\t\t\t)","\t\t\t>","\t\t/gi, _DoAutoLinks_callback());","\t*/","\ttext = text.replace(/<(?:mailto:)?([-.\\w]+\\@[-a-z0-9]+(\\.[-a-z0-9]+)*\\.[a-z]+)>/gi,","\t\tfunction(wholeMatch,m1) {","\t\t\treturn _EncodeEmailAddress( _UnescapeSpecialChars(m1) );","\t\t}","\t);","","\treturn text;","}","","","var _EncodeEmailAddress = function(addr) {","//","//  Input: an email address, e.g. \"foo@example.com\"","//","//  Output: the email address as a mailto link, with each character","//\tof the address encoded as either a decimal or hex entity, in","//\tthe hopes of foiling most address harvesting spam bots. E.g.:","//","//\t<a href=\"&#x6D;&#97;&#105;&#108;&#x74;&#111;:&#102;&#111;&#111;&#64;&#101;","//\t   x&#x61;&#109;&#x70;&#108;&#x65;&#x2E;&#99;&#111;&#109;\">&#102;&#111;&#111;","//\t   &#64;&#101;x&#x61;&#109;&#x70;&#108;&#x65;&#x2E;&#99;&#111;&#109;</a>","//","//  Based on a filter by Matthew Wickline, posted to the BBEdit-Talk","//  mailing list: <http://tinyurl.com/yu7ue>","//","","\t// attacklab: why can't javascript speak hex?","\tfunction char2hex(ch) {","\t\tvar hexDigits = '0123456789ABCDEF';","\t\tvar dec = ch.charCodeAt(0);","\t\treturn(hexDigits.charAt(dec>>4) + hexDigits.charAt(dec&15));","\t}","","\tvar encode = [","\t\tfunction(ch){return \"&#\"+ch.charCodeAt(0)+\";\";},","\t\tfunction(ch){return \"&#x\"+char2hex(ch)+\";\";},","\t\tfunction(ch){return ch;}","\t];","","\taddr = \"mailto:\" + addr;","","\taddr = addr.replace(/./g, function(ch) {","\t\tif (ch == \"@\") {","\t\t   \t// this *must* be encoded. I insist.","\t\t\tch = encode[Math.floor(Math.random()*2)](ch);","\t\t} else if (ch !=\":\") {","\t\t\t// leave ':' alone (to spot mailto: later)","\t\t\tvar r = Math.random();","\t\t\t// roughly 10% raw, 45% hex, 45% dec","\t\t\tch =  (","\t\t\t\t\tr > .9  ?\tencode[2](ch)   :","\t\t\t\t\tr > .45 ?\tencode[1](ch)   :","\t\t\t\t\t\t\t\tencode[0](ch)","\t\t\t\t);","\t\t}","\t\treturn ch;","\t});","","\taddr = \"<a href=\\\"\" + addr + \"\\\">\" + addr + \"</a>\";","\taddr = addr.replace(/\">.+:/g,\"\\\">\"); // strip the mailto: from the visible part","","\treturn addr;","}","","","var _UnescapeSpecialChars = function(text) {","//","// Swap back in all the special characters we've hidden.","//","\ttext = text.replace(/~E(\\d+)E/g,","\t\tfunction(wholeMatch,m1) {","\t\t\tvar charCodeToReplace = parseInt(m1);","\t\t\treturn String.fromCharCode(charCodeToReplace);","\t\t}","\t);","\treturn text;","}","","","var _Outdent = function(text) {","//","// Remove one level of line-leading tabs or spaces","//","","\t// attacklab: hack around Konqueror 3.5.4 bug:","\t// \"----------bug\".replace(/^-/g,\"\") == \"bug\"","","\ttext = text.replace(/^(\\t|[ ]{1,4})/gm,\"~0\"); // attacklab: g_tab_width","","\t// attacklab: clean up hack","\ttext = text.replace(/~0/g,\"\")","","\treturn text;","}","","var _Detab = function(text) {","// attacklab: Detab's completely rewritten for speed.","// In perl we could fix it by anchoring the regexp with \\G.","// In javascript we're less fortunate.","","\t// expand first n-1 tabs","\ttext = text.replace(/\\t(?=\\t)/g,\"    \"); // attacklab: g_tab_width","","\t// replace the nth with two sentinels","\ttext = text.replace(/\\t/g,\"~A~B\");","","\t// use the sentinel to anchor our regex so it doesn't explode","\ttext = text.replace(/~B(.+?)~A/g,","\t\tfunction(wholeMatch,m1,m2) {","\t\t\tvar leadingText = m1;","\t\t\tvar numSpaces = 4 - leadingText.length % 4;  // attacklab: g_tab_width","","\t\t\t// there *must* be a better way to do this:","\t\t\tfor (var i=0; i<numSpaces; i++) leadingText+=\" \";","","\t\t\treturn leadingText;","\t\t}","\t);","","\t// clean up sentinels","\ttext = text.replace(/~A/g,\"    \");  // attacklab: g_tab_width","\ttext = text.replace(/~B/g,\"\");","","\treturn text;","}","","","//","//  attacklab: Utility functions","//","","","var escapeCharacters = function(text, charsToEscape, afterBackslash) {","\t// First we have to escape the escape characters so that","\t// we can build a character class out of them","\tvar regexString = \"([\" + charsToEscape.replace(/([\\[\\]\\\\])/g,\"\\\\$1\") + \"])\";","","\tif (afterBackslash) {","\t\tregexString = \"\\\\\\\\\" + regexString;","\t}","","\tvar regex = new RegExp(regexString,\"g\");","\ttext = text.replace(regex,escapeCharacters_callback);","","\treturn text;","}","","","var escapeCharacters_callback = function(wholeMatch,m1) {","\tvar charCodeToEscape = m1.charCodeAt(0);","\treturn \"~E\"+charCodeToEscape+\"E\";","}","","} // end of Showdown.converter",""],"l":{"80":1,"85":1,"86":1,"88":1,"89":0,"90":0,"99":1,"107":1,"114":0,"115":0,"116":0,"120":0,"123":0,"124":0,"125":0,"126":0,"140":0,"141":0,"142":0,"148":0,"153":0,"156":0,"157":0,"160":0,"163":0,"169":0,"172":0,"175":0,"177":0,"179":0,"182":0,"185":0,"188":0,"189":0,"190":0,"191":0,"193":0,"196":0,"197":0,"198":0,"199":0,"200":0,"204":0,"205":0,"206":0,"207":0,"208":0,"209":0,"213":0,"214":0,"218":0,"219":0,"220":0,"221":0,"222":0,"226":0,"227":0,"228":0,"229":0,"230":0,"231":0,"235":0,"236":0,"239":0,"243":0,"244":0,"247":0,"276":0,"278":0,"279":0,"280":0,"283":0,"284":0,"285":0,"289":0,"293":0,"297":0,"299":0,"307":0,"308":0,"337":0,"357":0,"376":0,"393":0,"414":0,"417":0,"418":0,"421":0,"422":0,"425":0,"426":0,"429":0,"432":0,"434":0,"437":0,"442":0,"445":0,"446":0,"447":0,"448":0,"450":0,"451":0,"452":0,"453":0,"459":0,"460":0,"462":0,"466":0,"472":0,"473":0,"474":0,"478":0,"479":0,"484":0,"485":0,"486":0,"489":0,"491":0,"494":0,"502":0,"504":0,"505":0,"506":0,"507":0,"510":0,"513":0,"543":0,"576":0,"593":0,"595":0,"598":0,"599":0,"600":0,"601":0,"602":0,"603":0,"604":0,"606":0,"607":0,"609":0,"611":0,"613":0,"614":0,"615":0,"616":0,"620":0,"622":0,"624":0,"629":0,"630":0,"632":0,"633":0,"634":0,"635":0,"638":0,"640":0,"644":0,"669":0,"697":0,"699":0,"702":0,"703":0,"704":0,"705":0,"706":0,"707":0,"709":0,"711":0,"712":0,"714":0,"716":0,"718":0,"719":0,"720":0,"721":0,"725":0,"729":0,"730":0,"731":0,"737":0,"738":0,"739":0,"742":0,"744":0,"748":0,"757":0,"758":0,"760":0,"761":0,"782":0,"784":0,"785":0,"788":0,"792":0,"794":0,"801":0,"826":0,"828":0,"829":0,"830":0,"831":0,"835":0,"836":0,"842":0,"843":0,"844":0,"847":0,"848":0,"849":0,"850":0,"852":0,"855":0,"856":0,"857":0,"858":0,"863":0,"865":0,"868":0,"894":0,"897":0,"900":0,"912":0,"914":0,"915":0,"916":0,"918":0,"919":0,"923":0,"924":0,"925":0,"928":0,"933":0,"935":0,"936":0,"940":0,"959":0,"961":0,"963":0,"964":0,"966":0,"967":0,"968":0,"969":0,"971":0,"973":0,"978":0,"980":0,"994":0,"995":0,"998":0,"999":0,"1002":0,"1005":0,"1006":0,"1007":0,"1011":0,"1050":0,"1052":0,"1053":0,"1054":0,"1055":0,"1056":0,"1059":0,"1063":0,"1071":0,"1074":0,"1075":0,"1078":0,"1090":0,"1094":0,"1097":0,"1100":0,"1101":0,"1104":0,"1108":0,"1123":0,"1125":0,"1130":0,"1133":0,"1135":0,"1136":0,"1138":0,"1140":0,"1143":0,"1145":0,"1146":0,"1147":0,"1150":0,"1152":0,"1156":0,"1163":0,"1164":0,"1166":0,"1167":0,"1172":0,"1173":0,"1174":0,"1177":0,"1178":0,"1180":0,"1181":0,"1182":0,"1183":0,"1184":0,"1185":0,"1193":0,"1194":0,"1196":0,"1197":0,"1198":0,"1199":0,"1203":0,"1207":0,"1212":0,"1215":0,"1217":0,"1221":0,"1237":0,"1238":0,"1239":0,"1243":0,"1245":0,"1261":0,"1263":0,"1267":0,"1271":0,"1288":1,"1289":0,"1290":0,"1291":0,"1294":0,"1295":0,"1296":0,"1297":0,"1300":0,"1302":0,"1303":0,"1305":0,"1306":0,"1308":0,"1310":0,"1316":0,"1319":0,"1320":0,"1322":0,"1326":0,"1330":0,"1332":0,"1333":0,"1336":0,"1340":0,"1348":0,"1351":0,"1353":0,"1356":0,"1362":0,"1365":0,"1368":0,"1370":0,"1371":0,"1374":0,"1376":0,"1381":0,"1382":0,"1384":0,"1393":0,"1396":0,"1398":0,"1399":0,"1402":0,"1403":0,"1405":0,"1409":0,"1410":0,"1411":0}},"/home/travis/build/npmtest/node-npmtest-github-flavored-markdown/node_modules/github-flavored-markdown/scripts/preview.js":{"path":"/home/travis/build/npmtest/node-npmtest-github-flavored-markdown/node_modules/github-flavored-markdown/scripts/preview.js","s":{"1":2,"2":0,"3":0,"4":0,"5":0,"6":0,"7":0,"8":0,"9":0,"10":0,"11":0,"12":0},"b":{},"f":{"1":0,"2":0},"fnMap":{"1":{"name":"(anonymous_1)","line":1,"loc":{"start":{"line":1,"column":2},"end":{"line":1,"column":13}}},"2":{"name":"(anonymous_2)","line":3,"loc":{"start":{"line":3,"column":25},"end":{"line":3,"column":35}}}},"statementMap":{"1":{"start":{"line":1,"column":0},"end":{"line":18,"column":3}},"2":{"start":{"line":2,"column":2},"end":{"line":2,"column":43}},"3":{"start":{"line":3,"column":2},"end":{"line":8,"column":5}},"4":{"start":{"line":4,"column":4},"end":{"line":4,"column":37}},"5":{"start":{"line":5,"column":4},"end":{"line":5,"column":39}},"6":{"start":{"line":6,"column":4},"end":{"line":6,"column":27}},"7":{"start":{"line":7,"column":4},"end":{"line":7,"column":101}},"8":{"start":{"line":10,"column":2},"end":{"line":13,"column":53}},"9":{"start":{"line":14,"column":2},"end":{"line":14,"column":32}},"10":{"start":{"line":15,"column":2},"end":{"line":15,"column":40}},"11":{"start":{"line":16,"column":2},"end":{"line":16,"column":26}},"12":{"start":{"line":17,"column":2},"end":{"line":17,"column":99}}},"branchMap":{},"code":["$(function() {","  var converter = new Showdown.converter();","  $(\"#user_input\").keyup(function(){","    var txt = $(\"#user_input\").val();","    var html = converter.makeHtml(txt);","    $(\"#result\").html(html)","    $(\"#html_result\").val(html.replace(/>/g, \">\\n\").replace(/</g, \"\\n<\").replace(/\\n{2,}/g, \"\\n\\n\"));","  });","","  var sample = \"#### Underscores\\nthis should have _emphasis_\\nthis_should_not\\n_nor_should_this\\n\\n\\","#### Autolinking\\na non-markdown link: http://github.com/blog\\nthis one is [a markdown link](http://github.com/blog)\\nEmail test: support@github.com\\n\\n\\","#### Commit links\\nc4149e7bac80fcd1295060125670e78d3f15bf2e\\ntekkub@c4149e7bac80fcd1295060125670e78d3f15bf2e\\nmojombo/god@c4149e7bac80fcd1295060125670e78d3f15bf2e\\n\\n\\","#### Issue links\\nissue #1\\ntekkub#1\\nmojombo/god#1\";","  $(\"#user_input\").text(sample);","  var html = converter.makeHtml(sample);","  $(\"#result\").html(html);","  $(\"#html_result\").val(html.replace(/>/g, \">\\n\").replace(/</g, \"\\n<\").replace(/\\n{2,}/g, \"\\n\\n\"));","});",""],"l":{"1":2,"2":0,"3":0,"4":0,"5":0,"6":0,"7":0,"10":0,"14":0,"15":0,"16":0,"17":0}}}